04-08 18:31:01 population   INFO     Started growing generation 0...
04-08 18:32:07 fitness      INFO     d7987864-3b41-11e8-839c-b06ebfcf91d2 was born! fitness: 0.9645
04-08 18:34:23 fitness      INFO     d7987864-3b41-11e8-839c-b06ebfcf91d2 was born! fitness: 0.9273
04-08 18:36:31 fitness      INFO     d7987864-3b41-11e8-839c-b06ebfcf91d2 was born! fitness: 0.9607
04-08 18:37:22 fitness      INFO     d7987864-3b41-11e8-839c-b06ebfcf91d2 was born! fitness: 0.9695
04-08 18:38:28 fitness      INFO     d7987864-3b41-11e8-839c-b06ebfcf91d2 was born! fitness: 0.9222
04-08 18:39:34 fitness      INFO     d7987864-3b41-11e8-839c-b06ebfcf91d2 was born! fitness: 0.9698
04-08 18:39:34 population   INFO     Growing done for generation 0! individuals: 6, best's fitness: 0.969800
04-08 18:39:34 population   INFO     Started growing generation 1...
04-08 18:41:06 fitness      INFO     09cd43d0-3b43-11e8-bbce-b06ebfcf91d2 was born! fitness: 0.9717
04-08 18:42:32 fitness      INFO     409dad3a-3b43-11e8-a182-b06ebfcf91d2 was born! fitness: 0.9701
04-08 18:43:32 fitness      INFO     73e7f294-3b43-11e8-84be-b06ebfcf91d2 was born! fitness: 0.9669
04-08 18:44:54 fitness      INFO     9777ba1e-3b43-11e8-b8cd-b06ebfcf91d2 was born! fitness: 0.9752
04-08 18:44:54 population   INFO     Reproduction: new individuals: 4, total individuals: 10
04-08 18:44:54 population   INFO     Growing done for generation 1! individuals: 10, best's fitness: 0.975200
04-08 18:44:54 population   INFO     Started growing generation 2...
04-08 18:46:38 fitness      INFO     c8842bba-3b43-11e8-91a0-b06ebfcf91d2 was born! fitness: 0.9742
04-08 18:47:50 fitness      INFO     0687c02c-3b44-11e8-b3a9-b06ebfcf91d2 was born! fitness: 0.972
04-08 18:48:54 fitness      INFO     31163d28-3b44-11e8-a71e-b06ebfcf91d2 was born! fitness: 0.9651
04-08 18:50:05 fitness      INFO     5760a706-3b44-11e8-acd1-b06ebfcf91d2 was born! fitness: 0.9712
04-08 18:51:13 fitness      INFO     818174e4-3b44-11e8-9f7e-b06ebfcf91d2 was born! fitness: 0.9715
04-08 18:52:33 fitness      INFO     aa415e5e-3b44-11e8-bb6c-b06ebfcf91d2 was born! fitness: 0.9738
04-08 18:54:05 fitness      INFO     da04c01c-3b44-11e8-948f-b06ebfcf91d2 was born! fitness: 0.9722
04-08 18:55:24 fitness      INFO     10d9edee-3b45-11e8-83c2-b06ebfcf91d2 was born! fitness: 0.9741
04-08 18:55:24 population   INFO     Reproduction: new individuals: 8, total individuals: 18
04-08 18:55:24 population   INFO     d7987864-3b41-11e8-839c-b06ebfcf91d2 died!
04-08 18:55:24 population   INFO     73e7f294-3b43-11e8-84be-b06ebfcf91d2 died!
04-08 18:55:24 population   INFO     409dad3a-3b43-11e8-a182-b06ebfcf91d2 died!
04-08 18:55:24 population   INFO     09cd43d0-3b43-11e8-bbce-b06ebfcf91d2 died!
04-08 18:55:24 population   INFO     Growing done for generation 2! individuals: 14, best's fitness: 0.975200
04-08 18:55:24 population   INFO     Started growing generation 3...
04-08 18:56:34 fitness      INFO     3fcb7c00-3b45-11e8-9d6a-b06ebfcf91d2 was born! fitness: 0.9737
04-08 18:57:42 fitness      INFO     699d98ec-3b45-11e8-9b30-b06ebfcf91d2 was born! fitness: 0.9737
04-08 18:58:40 fitness      INFO     9202e828-3b45-11e8-b5a3-b06ebfcf91d2 was born! fitness: 0.9728
04-08 18:59:57 fitness      INFO     b4f089a8-3b45-11e8-bc44-b06ebfcf91d2 was born! fitness: 0.9683
04-08 19:01:14 fitness      INFO     e2bf32fe-3b45-11e8-8c85-b06ebfcf91d2 was born! fitness: 0.9748
04-08 19:02:25 fitness      INFO     103a641e-3b46-11e8-adb1-b06ebfcf91d2 was born! fitness: 0.9743
04-08 19:03:48 fitness      INFO     3abf59b0-3b46-11e8-bb57-b06ebfcf91d2 was born! fitness: 0.9731
04-08 19:05:05 fitness      INFO     6c47c8c8-3b46-11e8-a1ab-b06ebfcf91d2 was born! fitness: 0.9741
04-08 19:06:13 fitness      INFO     9a166f80-3b46-11e8-a320-b06ebfcf91d2 was born! fitness: 0.9742
04-08 19:07:43 fitness      INFO     c2ab6d5e-3b46-11e8-ad15-b06ebfcf91d2 was born! fitness: 0.9754
04-08 19:09:01 fitness      INFO     f8265a9e-3b46-11e8-bfda-b06ebfcf91d2 was born! fitness: 0.9732
04-08 19:10:22 fitness      INFO     26a0b2f4-3b47-11e8-b716-b06ebfcf91d2 was born! fitness: 0.9728
04-08 19:11:50 fitness      INFO     57659b54-3b47-11e8-b0c4-b06ebfcf91d2 was born! fitness: 0.9721
04-08 19:13:33 fitness      INFO     8b8c0fb6-3b47-11e8-ba1e-b06ebfcf91d2 was born! fitness: 0.9725
04-08 19:14:41 fitness      INFO     c9009234-3b47-11e8-9964-b06ebfcf91d2 was born! fitness: 0.9739
04-08 19:15:45 fitness      INFO     f1421922-3b47-11e8-aed8-b06ebfcf91d2 was born! fitness: 0.9747
04-08 19:17:21 fitness      INFO     17c5c006-3b48-11e8-a275-b06ebfcf91d2 was born! fitness: 0.9714
04-08 19:17:21 population   INFO     Reproduction: new individuals: 17, total individuals: 31
04-08 19:17:21 population   INFO     d7987864-3b41-11e8-839c-b06ebfcf91d2 died!
04-08 19:17:21 population   INFO     d7987864-3b41-11e8-839c-b06ebfcf91d2 died!
04-08 19:17:21 population   INFO     d7987864-3b41-11e8-839c-b06ebfcf91d2 died!
04-08 19:17:21 population   INFO     10d9edee-3b45-11e8-83c2-b06ebfcf91d2 died!
04-08 19:17:21 population   INFO     Growing done for generation 3! individuals: 28, best's fitness: 0.975400
04-08 19:17:21 population   INFO     Started growing generation 4...
04-08 19:18:39 fitness      INFO     50cda80c-3b48-11e8-b1d8-b06ebfcf91d2 was born! fitness: 0.9705
04-08 19:19:49 fitness      INFO     7f3c1042-3b48-11e8-9407-b06ebfcf91d2 was born! fitness: 0.9691
04-08 19:21:00 fitness      INFO     a923a5c0-3b48-11e8-9037-b06ebfcf91d2 was born! fitness: 0.9729
04-08 19:22:10 fitness      INFO     d39f1364-3b48-11e8-89b3-b06ebfcf91d2 was born! fitness: 0.9729
04-08 19:23:18 fitness      INFO     fd3a5f86-3b48-11e8-b6b1-b06ebfcf91d2 was born! fitness: 0.9706
04-08 19:24:19 fitness      INFO     2573e738-3b49-11e8-a750-b06ebfcf91d2 was born! fitness: 0.9751
04-08 19:25:10 fitness      INFO     4a0c5a4a-3b49-11e8-83e6-b06ebfcf91d2 was born! fitness: 0.9746
04-08 19:26:04 fitness      INFO     685b4dd2-3b49-11e8-b74e-b06ebfcf91d2 was born! fitness: 0.9738
04-08 19:26:53 fitness      INFO     88577528-3b49-11e8-961e-b06ebfcf91d2 was born! fitness: 0.9705
04-08 19:27:43 fitness      INFO     a5ac0d2e-3b49-11e8-809a-b06ebfcf91d2 was born! fitness: 0.9725
04-08 19:28:45 fitness      INFO     c3c8edda-3b49-11e8-b7ee-b06ebfcf91d2 was born! fitness: 0.9708
04-08 19:29:52 fitness      INFO     e86aea9e-3b49-11e8-80fd-b06ebfcf91d2 was born! fitness: 0.9774
04-08 19:30:39 fitness      INFO     1051d86e-3b4a-11e8-9baf-b06ebfcf91d2 was born! fitness: 0.9723
04-08 19:31:43 fitness      INFO     2c7ec3a8-3b4a-11e8-9c46-b06ebfcf91d2 was born! fitness: 0.9751
04-08 19:32:43 fitness      INFO     52b3b8d4-3b4a-11e8-a61e-b06ebfcf91d2 was born! fitness: 0.9755
04-08 19:34:10 fitness      INFO     76a7a582-3b4a-11e8-9cba-b06ebfcf91d2 was born! fitness: 0.9699
04-08 19:35:38 fitness      INFO     aa547fcc-3b4a-11e8-b7c0-b06ebfcf91d2 was born! fitness: 0.9717
04-08 19:37:17 fitness      INFO     de7630f4-3b4a-11e8-b71b-b06ebfcf91d2 was born! fitness: 0.972
04-08 19:38:36 fitness      INFO     1991d1a2-3b4b-11e8-9cda-b06ebfcf91d2 was born! fitness: 0.9726
04-08 19:39:55 fitness      INFO     491c04e4-3b4b-11e8-b172-b06ebfcf91d2 was born! fitness: 0.9709
04-08 19:41:10 fitness      INFO     77bee39a-3b4b-11e8-958f-b06ebfcf91d2 was born! fitness: 0.9718
04-08 19:42:35 fitness      INFO     a4c54038-3b4b-11e8-8e86-b06ebfcf91d2 was born! fitness: 0.9725
04-08 19:44:04 fitness      INFO     d764aa58-3b4b-11e8-bdf2-b06ebfcf91d2 was born! fitness: 0.9695
04-08 19:45:16 fitness      INFO     0c261ba4-3b4c-11e8-b654-b06ebfcf91d2 was born! fitness: 0.9691
04-08 19:46:46 fitness      INFO     370a7094-3b4c-11e8-9931-b06ebfcf91d2 was born! fitness: 0.9754
04-08 19:48:21 fitness      INFO     6d20d9d8-3b4c-11e8-8d0e-b06ebfcf91d2 was born! fitness: 0.9704
04-08 19:49:40 fitness      INFO     a5c96282-3b4c-11e8-9a0b-b06ebfcf91d2 was born! fitness: 0.9727
04-08 19:51:02 fitness      INFO     d4926f8a-3b4c-11e8-87f4-b06ebfcf91d2 was born! fitness: 0.9735
04-08 19:52:21 fitness      INFO     0533912e-3b4d-11e8-9232-b06ebfcf91d2 was born! fitness: 0.9717
04-08 19:53:03 fitness      INFO     34c28192-3b4d-11e8-88e6-b06ebfcf91d2 was born! fitness: 0.973
04-08 19:53:58 fitness      INFO     4d592c9a-3b4d-11e8-907f-b06ebfcf91d2 was born! fitness: 0.9729
04-08 19:54:57 fitness      INFO     6e9d9d28-3b4d-11e8-bfa4-b06ebfcf91d2 was born! fitness: 0.9721
04-08 19:55:56 fitness      INFO     91baf238-3b4d-11e8-af81-b06ebfcf91d2 was born! fitness: 0.9701
04-08 19:57:09 fitness      INFO     b4b22a5a-3b4d-11e8-a52a-b06ebfcf91d2 was born! fitness: 0.973
04-08 19:58:29 fitness      INFO     e025c65c-3b4d-11e8-8f57-b06ebfcf91d2 was born! fitness: 0.974
04-08 19:59:48 fitness      INFO     0ffc3c98-3b4e-11e8-aba4-b06ebfcf91d2 was born! fitness: 0.9724
04-08 20:00:48 fitness      INFO     3f30916c-3b4e-11e8-9df3-b06ebfcf91d2 was born! fitness: 0.9722
04-08 20:02:08 fitness      INFO     62bdf4b8-3b4e-11e8-a0b1-b06ebfcf91d2 was born! fitness: 0.9735
04-08 20:03:28 fitness      INFO     92291dae-3b4e-11e8-9a83-b06ebfcf91d2 was born! fitness: 0.9677
04-08 20:04:42 fitness      INFO     c25c9346-3b4e-11e8-a1be-b06ebfcf91d2 was born! fitness: 0.9754
04-08 20:06:09 fitness      INFO     ee61698a-3b4e-11e8-b99e-b06ebfcf91d2 was born! fitness: 0.9733
04-08 20:07:36 fitness      INFO     21c91fbe-3b4f-11e8-8a35-b06ebfcf91d2 was born! fitness: 0.972
04-08 20:08:52 fitness      INFO     5602a74c-3b4f-11e8-a540-b06ebfcf91d2 was born! fitness: 0.9731
04-08 20:10:00 fitness      INFO     8363e8d8-3b4f-11e8-93c7-b06ebfcf91d2 was born! fitness: 0.9749
04-08 20:11:21 fitness      INFO     abe908e4-3b4f-11e8-ace0-b06ebfcf91d2 was born! fitness: 0.9742
04-08 20:12:35 fitness      INFO     dbe5a486-3b4f-11e8-af07-b06ebfcf91d2 was born! fitness: 0.9728
04-08 20:13:54 fitness      INFO     08392be2-3b50-11e8-bdbe-b06ebfcf91d2 was born! fitness: 0.9756
04-08 20:15:01 fitness      INFO     3736a95e-3b50-11e8-b5b2-b06ebfcf91d2 was born! fitness: 0.9733
04-08 20:16:30 fitness      INFO     5f5b928c-3b50-11e8-9919-b06ebfcf91d2 was born! fitness: 0.9741
04-08 20:18:10 fitness      INFO     9466f840-3b50-11e8-beea-b06ebfcf91d2 was born! fitness: 0.9715
04-08 20:19:23 fitness      INFO     d018d4d8-3b50-11e8-bccf-b06ebfcf91d2 was born! fitness: 0.9722
04-08 20:20:42 fitness      INFO     fb935d52-3b50-11e8-af10-b06ebfcf91d2 was born! fitness: 0.9733
04-08 20:22:01 fitness      INFO     2a612962-3b51-11e8-a8a2-b06ebfcf91d2 was born! fitness: 0.9685
04-08 20:23:18 fitness      INFO     59551b4a-3b51-11e8-ac5c-b06ebfcf91d2 was born! fitness: 0.9747
04-08 20:24:35 fitness      INFO     8779eba8-3b51-11e8-bb54-b06ebfcf91d2 was born! fitness: 0.9747
04-08 20:25:19 fitness      INFO     b5434c12-3b51-11e8-86c2-b06ebfcf91d2 was born! fitness: 0.9718
04-08 20:26:07 fitness      INFO     cf801c12-3b51-11e8-af15-b06ebfcf91d2 was born! fitness: 0.9736
04-08 20:26:46 fitness      INFO     ec29f3fe-3b51-11e8-815a-b06ebfcf91d2 was born! fitness: 0.9741
04-08 20:27:27 fitness      INFO     03460380-3b52-11e8-a469-b06ebfcf91d2 was born! fitness: 0.9713
04-08 20:27:58 fitness      INFO     1bb17a58-3b52-11e8-b835-b06ebfcf91d2 was born! fitness: 0.9655
04-08 20:28:29 fitness      INFO     2e568ef4-3b52-11e8-a1d9-b06ebfcf91d2 was born! fitness: 0.97
04-08 20:29:05 fitness      INFO     4080bee6-3b52-11e8-a6b5-b06ebfcf91d2 was born! fitness: 0.9751
04-08 20:29:48 fitness      INFO     56506f0a-3b52-11e8-b260-b06ebfcf91d2 was born! fitness: 0.9727
04-08 20:30:24 fitness      INFO     7011b546-3b52-11e8-9bdb-b06ebfcf91d2 was born! fitness: 0.9713
04-08 20:30:59 fitness      INFO     8541b682-3b52-11e8-90da-b06ebfcf91d2 was born! fitness: 0.9735
04-08 20:31:37 fitness      INFO     9a12cd10-3b52-11e8-a0c8-b06ebfcf91d2 was born! fitness: 0.9741
04-08 20:32:12 fitness      INFO     b0c52976-3b52-11e8-a5fd-b06ebfcf91d2 was born! fitness: 0.9729
04-08 20:32:53 fitness      INFO     c5e151de-3b52-11e8-bc41-b06ebfcf91d2 was born! fitness: 0.9721
04-08 20:33:29 fitness      INFO     de0545d8-3b52-11e8-ba1e-b06ebfcf91d2 was born! fitness: 0.9743
04-08 20:34:07 fitness      INFO     f3dd0848-3b52-11e8-8b48-b06ebfcf91d2 was born! fitness: 0.9759
04-08 20:34:44 fitness      INFO     0a4d5088-3b53-11e8-8ae6-b06ebfcf91d2 was born! fitness: 0.9722
04-08 20:35:17 fitness      INFO     206bb0b4-3b53-11e8-b598-b06ebfcf91d2 was born! fitness: 0.9739
04-08 20:35:53 fitness      INFO     33ddc9b4-3b53-11e8-8d3a-b06ebfcf91d2 was born! fitness: 0.9727
04-08 20:36:24 fitness      INFO     4924967a-3b53-11e8-afb9-b06ebfcf91d2 was born! fitness: 0.9681
04-08 20:36:59 fitness      INFO     5bb04538-3b53-11e8-8bee-b06ebfcf91d2 was born! fitness: 0.9748
04-08 20:37:33 fitness      INFO     70c54a80-3b53-11e8-8bfa-b06ebfcf91d2 was born! fitness: 0.971
04-08 20:38:11 fitness      INFO     8539964a-3b53-11e8-b371-b06ebfcf91d2 was born! fitness: 0.9711
04-08 20:38:51 fitness      INFO     9b8523c8-3b53-11e8-8917-b06ebfcf91d2 was born! fitness: 0.9723
04-08 20:39:30 fitness      INFO     b376c4dc-3b53-11e8-ba24-b06ebfcf91d2 was born! fitness: 0.9722
04-08 20:40:13 fitness      INFO     ca7f3c22-3b53-11e8-9071-b06ebfcf91d2 was born! fitness: 0.9703
04-08 20:40:50 fitness      INFO     e44f4b1c-3b53-11e8-84aa-b06ebfcf91d2 was born! fitness: 0.9733
04-08 20:41:23 fitness      INFO     fa7f2228-3b53-11e8-94a3-b06ebfcf91d2 was born! fitness: 0.9697
04-08 20:42:01 fitness      INFO     0e69d97e-3b54-11e8-8121-b06ebfcf91d2 was born! fitness: 0.9758
04-08 20:42:36 fitness      INFO     24955546-3b54-11e8-8d06-b06ebfcf91d2 was born! fitness: 0.9724
04-08 20:43:10 fitness      INFO     39abb912-3b54-11e8-8a6e-b06ebfcf91d2 was born! fitness: 0.973
04-08 20:43:43 fitness      INFO     4df01e0c-3b54-11e8-9d00-b06ebfcf91d2 was born! fitness: 0.9711
04-08 20:44:20 fitness      INFO     617aeb88-3b54-11e8-8fdf-b06ebfcf91d2 was born! fitness: 0.9739
04-08 20:45:08 fitness      INFO     778129a8-3b54-11e8-a2f0-b06ebfcf91d2 was born! fitness: 0.9728
04-08 20:45:53 fitness      INFO     94248cec-3b54-11e8-9847-b06ebfcf91d2 was born! fitness: 0.9706
04-08 20:46:27 fitness      INFO     af0d83e6-3b54-11e8-b1f8-b06ebfcf91d2 was born! fitness: 0.9735
04-08 20:47:04 fitness      INFO     c32093e2-3b54-11e8-8cc3-b06ebfcf91d2 was born! fitness: 0.9723
04-08 20:47:40 fitness      INFO     d948da90-3b54-11e8-9bcc-b06ebfcf91d2 was born! fitness: 0.9741
04-08 20:48:12 fitness      INFO     eeec16c6-3b54-11e8-a181-b06ebfcf91d2 was born! fitness: 0.9738
04-08 20:48:48 fitness      INFO     020d4fa2-3b55-11e8-a7e8-b06ebfcf91d2 was born! fitness: 0.9741
04-08 20:49:19 fitness      INFO     174d5350-3b55-11e8-8c4f-b06ebfcf91d2 was born! fitness: 0.9742
04-08 20:50:00 fitness      INFO     29b7b022-3b55-11e8-bee1-b06ebfcf91d2 was born! fitness: 0.9738
04-08 20:50:40 fitness      INFO     4235b8f0-3b55-11e8-a09f-b06ebfcf91d2 was born! fitness: 0.9724
04-08 20:50:40 population   INFO     Reproduction: new individuals: 97, total individuals: 125
04-08 20:50:40 population   INFO     d7987864-3b41-11e8-839c-b06ebfcf91d2 died!
04-08 20:50:40 population   INFO     b4f089a8-3b45-11e8-bc44-b06ebfcf91d2 died!
04-08 20:50:40 population   INFO     d7987864-3b41-11e8-839c-b06ebfcf91d2 died!
04-08 20:50:40 population   INFO     5760a706-3b44-11e8-acd1-b06ebfcf91d2 died!
04-08 20:50:40 population   INFO     0687c02c-3b44-11e8-b3a9-b06ebfcf91d2 died!
04-08 20:50:40 population   INFO     f8265a9e-3b46-11e8-bfda-b06ebfcf91d2 died!
04-08 20:50:40 population   INFO     10d9edee-3b45-11e8-83c2-b06ebfcf91d2 died!
04-08 20:50:40 population   INFO     Growing done for generation 4! individuals: 120, best's fitness: 0.977400
04-08 20:50:40 population   INFO     Started growing generation 5...
04-08 20:51:14 fitness      INFO     59f66a40-3b55-11e8-9896-b06ebfcf91d2 was born! fitness: 0.9723
04-08 20:51:54 fitness      INFO     6e39f7ee-3b55-11e8-a11b-b06ebfcf91d2 was born! fitness: 0.9745
04-08 20:52:41 fitness      INFO     866cdad2-3b55-11e8-a7d5-b06ebfcf91d2 was born! fitness: 0.9737
04-08 20:53:19 fitness      INFO     a288ab8c-3b55-11e8-a192-b06ebfcf91d2 was born! fitness: 0.9731
04-08 20:54:02 fitness      INFO     b90a023a-3b55-11e8-bc8c-b06ebfcf91d2 was born! fitness: 0.9735
04-08 20:54:46 fitness      INFO     d28da9ac-3b55-11e8-9f28-b06ebfcf91d2 was born! fitness: 0.972
04-08 20:55:29 fitness      INFO     ed0b03e8-3b55-11e8-b266-b06ebfcf91d2 was born! fitness: 0.9717
04-08 20:56:09 fitness      INFO     0654699a-3b56-11e8-b0bb-b06ebfcf91d2 was born! fitness: 0.9762
04-08 20:56:55 fitness      INFO     1e585dbe-3b56-11e8-883a-b06ebfcf91d2 was born! fitness: 0.9736
04-08 20:57:38 fitness      INFO     39eb3fdc-3b56-11e8-826a-b06ebfcf91d2 was born! fitness: 0.9732
04-08 20:58:21 fitness      INFO     530727e2-3b56-11e8-acdf-b06ebfcf91d2 was born! fitness: 0.9757
04-08 20:59:03 fitness      INFO     6cfde48c-3b56-11e8-b015-b06ebfcf91d2 was born! fitness: 0.9736
04-08 20:59:47 fitness      INFO     862254e4-3b56-11e8-a821-b06ebfcf91d2 was born! fitness: 0.9744
04-08 21:00:20 fitness      INFO     a03f457a-3b56-11e8-8941-b06ebfcf91d2 was born! fitness: 0.9703
04-08 21:00:58 fitness      INFO     b3b3f19a-3b56-11e8-b99f-b06ebfcf91d2 was born! fitness: 0.9753
04-08 21:01:34 fitness      INFO     cac156e2-3b56-11e8-a05e-b06ebfcf91d2 was born! fitness: 0.9723
04-08 21:02:08 fitness      INFO     dfa57882-3b56-11e8-b4e2-b06ebfcf91d2 was born! fitness: 0.9727
04-08 21:02:37 fitness      INFO     f3ff0264-3b56-11e8-b04f-b06ebfcf91d2 was born! fitness: 0.9724
04-08 21:03:11 fitness      INFO     0575c5e2-3b57-11e8-969d-b06ebfcf91d2 was born! fitness: 0.9731
04-08 21:03:40 fitness      INFO     19ce9b7e-3b57-11e8-acef-b06ebfcf91d2 was born! fitness: 0.9684
04-08 21:04:12 fitness      INFO     2b2b2d86-3b57-11e8-a6a4-b06ebfcf91d2 was born! fitness: 0.9703
04-08 21:04:46 fitness      INFO     3e2bb546-3b57-11e8-b526-b06ebfcf91d2 was born! fitness: 0.9691
04-08 21:05:22 fitness      INFO     5268ad28-3b57-11e8-8fc4-b06ebfcf91d2 was born! fitness: 0.971
04-08 21:05:54 fitness      INFO     67d58402-3b57-11e8-a5fd-b06ebfcf91d2 was born! fitness: 0.9752
04-08 21:06:34 fitness      INFO     7b1ec9b6-3b57-11e8-8986-b06ebfcf91d2 was born! fitness: 0.9673
04-08 21:07:13 fitness      INFO     930b313e-3b57-11e8-ac86-b06ebfcf91d2 was born! fitness: 0.9715
04-08 21:08:00 fitness      INFO     aa221cf6-3b57-11e8-ba2e-b06ebfcf91d2 was born! fitness: 0.9755
04-08 21:08:47 fitness      INFO     c605e208-3b57-11e8-8d59-b06ebfcf91d2 was born! fitness: 0.9729
04-08 21:09:23 fitness      INFO     e1bca5cc-3b57-11e8-a35c-b06ebfcf91d2 was born! fitness: 0.9723
04-08 21:10:13 fitness      INFO     f76c9f0c-3b57-11e8-a969-b06ebfcf91d2 was born! fitness: 0.9695
04-08 21:10:58 fitness      INFO     1578b714-3b58-11e8-a4b7-b06ebfcf91d2 was born! fitness: 0.975
04-08 21:11:45 fitness      INFO     305cbd10-3b58-11e8-ace7-b06ebfcf91d2 was born! fitness: 0.9739
04-08 21:12:33 fitness      INFO     4c66b93a-3b58-11e8-a9cb-b06ebfcf91d2 was born! fitness: 0.9722
04-08 21:13:17 fitness      INFO     68f5a792-3b58-11e8-8e34-b06ebfcf91d2 was born! fitness: 0.974
04-08 21:13:58 fitness      INFO     8333e286-3b58-11e8-859f-b06ebfcf91d2 was born! fitness: 0.9703
04-08 21:14:42 fitness      INFO     9b8c65f8-3b58-11e8-bb8a-b06ebfcf91d2 was born! fitness: 0.9727
04-08 21:15:27 fitness      INFO     b5533528-3b58-11e8-a139-b06ebfcf91d2 was born! fitness: 0.9716
04-08 21:16:05 fitness      INFO     d0a1c234-3b58-11e8-8f9a-b06ebfcf91d2 was born! fitness: 0.9726
04-08 21:16:46 fitness      INFO     e6cd4e80-3b58-11e8-8e1c-b06ebfcf91d2 was born! fitness: 0.9698
04-08 21:17:24 fitness      INFO     ff5f4458-3b58-11e8-88c4-b06ebfcf91d2 was born! fitness: 0.9725
04-08 21:18:09 fitness      INFO     1657c22c-3b59-11e8-b9c1-b06ebfcf91d2 was born! fitness: 0.973
04-08 21:18:51 fitness      INFO     30f23de2-3b59-11e8-a7f6-b06ebfcf91d2 was born! fitness: 0.97
04-08 21:19:34 fitness      INFO     4a1d135c-3b59-11e8-80f8-b06ebfcf91d2 was born! fitness: 0.9717
04-08 21:20:15 fitness      INFO     63bf0fda-3b59-11e8-8eac-b06ebfcf91d2 was born! fitness: 0.974
04-08 21:20:55 fitness      INFO     7bf50350-3b59-11e8-9b89-b06ebfcf91d2 was born! fitness: 0.9737
04-08 21:21:40 fitness      INFO     94387938-3b59-11e8-96c0-b06ebfcf91d2 was born! fitness: 0.973
04-08 21:22:16 fitness      INFO     ae88e4de-3b59-11e8-a059-b06ebfcf91d2 was born! fitness: 0.9742
04-08 21:22:54 fitness      INFO     c40112ae-3b59-11e8-9faa-b06ebfcf91d2 was born! fitness: 0.9733
04-08 21:23:31 fitness      INFO     dab98482-3b59-11e8-a468-b06ebfcf91d2 was born! fitness: 0.9735
04-08 21:24:19 fitness      INFO     f10b8af4-3b59-11e8-8829-b06ebfcf91d2 was born! fitness: 0.9731
04-08 21:24:58 fitness      INFO     0d57fe0a-3b5a-11e8-9d7e-b06ebfcf91d2 was born! fitness: 0.9717
04-08 21:25:36 fitness      INFO     249d09ec-3b5a-11e8-b114-b06ebfcf91d2 was born! fitness: 0.9698
04-08 21:26:12 fitness      INFO     3b546040-3b5a-11e8-9ce5-b06ebfcf91d2 was born! fitness: 0.9723
04-08 21:26:46 fitness      INFO     50ca00de-3b5a-11e8-9092-b06ebfcf91d2 was born! fitness: 0.9691
04-08 21:27:30 fitness      INFO     65294a4a-3b5a-11e8-bb86-b06ebfcf91d2 was born! fitness: 0.9745
04-08 21:28:12 fitness      INFO     7f60a4b8-3b5a-11e8-9b0a-b06ebfcf91d2 was born! fitness: 0.9753
04-08 21:28:53 fitness      INFO     985ac180-3b5a-11e8-b493-b06ebfcf91d2 was born! fitness: 0.9709
04-08 21:29:34 fitness      INFO     b1036ecc-3b5a-11e8-aa2f-b06ebfcf91d2 was born! fitness: 0.9735
04-08 21:30:16 fitness      INFO     c90c923a-3b5a-11e8-8090-b06ebfcf91d2 was born! fitness: 0.9724
04-08 21:30:52 fitness      INFO     e23e7bd2-3b5a-11e8-b0a1-b06ebfcf91d2 was born! fitness: 0.9708
04-08 21:31:41 fitness      INFO     f7f12958-3b5a-11e8-926e-b06ebfcf91d2 was born! fitness: 0.9721
04-08 21:32:27 fitness      INFO     14c4a028-3b5b-11e8-b226-b06ebfcf91d2 was born! fitness: 0.9747
04-08 21:33:14 fitness      INFO     30714cc6-3b5b-11e8-8473-b06ebfcf91d2 was born! fitness: 0.9675
04-08 21:34:01 fitness      INFO     4c240db4-3b5b-11e8-8517-b06ebfcf91d2 was born! fitness: 0.9707
04-08 21:34:45 fitness      INFO     684e4f78-3b5b-11e8-87f0-b06ebfcf91d2 was born! fitness: 0.9717
04-08 21:35:31 fitness      INFO     82aa83c2-3b5b-11e8-b133-b06ebfcf91d2 was born! fitness: 0.9735
04-08 21:36:16 fitness      INFO     9e56e686-3b5b-11e8-bd34-b06ebfcf91d2 was born! fitness: 0.9709
04-08 21:36:54 fitness      INFO     b8e6afb6-3b5b-11e8-9f14-b06ebfcf91d2 was born! fitness: 0.9727
04-08 21:37:43 fitness      INFO     cf840300-3b5b-11e8-888a-b06ebfcf91d2 was born! fitness: 0.9739
04-08 21:38:30 fitness      INFO     ece7a62e-3b5b-11e8-829a-b06ebfcf91d2 was born! fitness: 0.9745
04-08 21:39:18 fitness      INFO     08fc3222-3b5c-11e8-b802-b06ebfcf91d2 was born! fitness: 0.9732
04-08 21:40:03 fitness      INFO     258179da-3b5c-11e8-b0e8-b06ebfcf91d2 was born! fitness: 0.9724
04-08 21:40:49 fitness      INFO     4039d0f6-3b5c-11e8-9dc4-b06ebfcf91d2 was born! fitness: 0.9739
04-08 21:41:46 fitness      INFO     5b9bfa9a-3b5c-11e8-bedf-b06ebfcf91d2 was born! fitness: 0.9742
04-08 21:42:38 fitness      INFO     7db3719a-3b5c-11e8-ae6d-b06ebfcf91d2 was born! fitness: 0.9733
04-08 21:43:34 fitness      INFO     9c73cb26-3b5c-11e8-81a4-b06ebfcf91d2 was born! fitness: 0.9716
04-08 21:44:18 fitness      INFO     bdd0aeb4-3b5c-11e8-87cc-b06ebfcf91d2 was born! fitness: 0.9743
04-08 21:45:13 fitness      INFO     d8737722-3b5c-11e8-8930-b06ebfcf91d2 was born! fitness: 0.975
04-08 21:45:59 fitness      INFO     f8f194f6-3b5c-11e8-b9dd-b06ebfcf91d2 was born! fitness: 0.9722
04-08 21:46:47 fitness      INFO     147dd0ba-3b5d-11e8-b9ef-b06ebfcf91d2 was born! fitness: 0.9703
04-08 21:47:41 fitness      INFO     30d68a6c-3b5d-11e8-979a-b06ebfcf91d2 was born! fitness: 0.9723
04-08 21:48:30 fitness      INFO     510dfa24-3b5d-11e8-81a9-b06ebfcf91d2 was born! fitness: 0.9748
04-08 21:49:15 fitness      INFO     6e8c22f8-3b5d-11e8-b393-b06ebfcf91d2 was born! fitness: 0.9719
04-08 21:50:06 fitness      INFO     8901b810-3b5d-11e8-980e-b06ebfcf91d2 was born! fitness: 0.9722
04-08 21:51:02 fitness      INFO     a758789a-3b5d-11e8-8863-b06ebfcf91d2 was born! fitness: 0.9742
04-08 21:51:59 fitness      INFO     c9099188-3b5d-11e8-9864-b06ebfcf91d2 was born! fitness: 0.9722
04-08 21:52:43 fitness      INFO     eb44b582-3b5d-11e8-84e4-b06ebfcf91d2 was born! fitness: 0.9713
04-08 21:53:29 fitness      INFO     05137418-3b5e-11e8-bdf5-b06ebfcf91d2 was born! fitness: 0.9701
04-08 21:54:18 fitness      INFO     209c2466-3b5e-11e8-a2c1-b06ebfcf91d2 was born! fitness: 0.9733
04-08 21:55:07 fitness      INFO     3dea52d4-3b5e-11e8-845f-b06ebfcf91d2 was born! fitness: 0.9735
04-08 21:55:55 fitness      INFO     5b125f34-3b5e-11e8-886c-b06ebfcf91d2 was born! fitness: 0.9749
04-08 21:56:51 fitness      INFO     77c85164-3b5e-11e8-abc9-b06ebfcf91d2 was born! fitness: 0.973
04-08 21:57:43 fitness      INFO     991c1dfa-3b5e-11e8-aa13-b06ebfcf91d2 was born! fitness: 0.9688
04-08 21:58:31 fitness      INFO     b7c4b0a2-3b5e-11e8-aa52-b06ebfcf91d2 was born! fitness: 0.9717
04-08 21:59:25 fitness      INFO     d466514a-3b5e-11e8-bbbc-b06ebfcf91d2 was born! fitness: 0.9728
04-08 22:00:23 fitness      INFO     f4e4b18c-3b5e-11e8-964a-b06ebfcf91d2 was born! fitness: 0.9723
04-08 22:01:15 fitness      INFO     178262d8-3b5f-11e8-aa4d-b06ebfcf91d2 was born! fitness: 0.9728
04-08 22:02:09 fitness      INFO     36a2d1f8-3b5f-11e8-9f12-b06ebfcf91d2 was born! fitness: 0.977
04-08 22:02:48 fitness      INFO     566245f6-3b5f-11e8-8240-b06ebfcf91d2 was born! fitness: 0.9727
04-08 22:03:41 fitness      INFO     6de3d28a-3b5f-11e8-997e-b06ebfcf91d2 was born! fitness: 0.9691
04-08 22:04:31 fitness      INFO     8d689582-3b5f-11e8-8f9d-b06ebfcf91d2 was born! fitness: 0.9682
04-08 22:05:22 fitness      INFO     ab02a8ec-3b5f-11e8-a45f-b06ebfcf91d2 was born! fitness: 0.9729
04-08 22:06:02 fitness      INFO     c977a6d8-3b5f-11e8-b740-b06ebfcf91d2 was born! fitness: 0.9723
04-08 22:06:47 fitness      INFO     e1a0c176-3b5f-11e8-9b7b-b06ebfcf91d2 was born! fitness: 0.9727
04-08 22:07:34 fitness      INFO     fc10787e-3b5f-11e8-aedf-b06ebfcf91d2 was born! fitness: 0.9751
04-08 22:08:22 fitness      INFO     183e9e86-3b60-11e8-876c-b06ebfcf91d2 was born! fitness: 0.9732
04-08 22:09:07 fitness      INFO     350738ac-3b60-11e8-9eec-b06ebfcf91d2 was born! fitness: 0.9703
04-08 22:10:00 fitness      INFO     4ffe86a4-3b60-11e8-a6f1-b06ebfcf91d2 was born! fitness: 0.9725
04-08 22:10:51 fitness      INFO     6f965434-3b60-11e8-bab1-b06ebfcf91d2 was born! fitness: 0.9732
04-08 22:11:37 fitness      INFO     8dc3f9e8-3b60-11e8-a560-b06ebfcf91d2 was born! fitness: 0.9729
04-08 22:12:24 fitness      INFO     a95fc098-3b60-11e8-8fae-b06ebfcf91d2 was born! fitness: 0.9729
04-08 22:13:15 fitness      INFO     c4fd5e64-3b60-11e8-bb35-b06ebfcf91d2 was born! fitness: 0.9751
04-08 22:13:59 fitness      INFO     e3723a74-3b60-11e8-9ebe-b06ebfcf91d2 was born! fitness: 0.9723
04-08 22:14:40 fitness      INFO     fd7f2514-3b60-11e8-a59b-b06ebfcf91d2 was born! fitness: 0.9739
04-08 22:15:25 fitness      INFO     161c989a-3b61-11e8-9378-b06ebfcf91d2 was born! fitness: 0.9729
04-08 22:16:15 fitness      INFO     314de0e8-3b61-11e8-8176-b06ebfcf91d2 was born! fitness: 0.9728
04-08 22:17:00 fitness      INFO     4ee545de-3b61-11e8-853a-b06ebfcf91d2 was born! fitness: 0.9746
04-08 22:17:42 fitness      INFO     69cb5526-3b61-11e8-a091-b06ebfcf91d2 was born! fitness: 0.9748
04-08 22:18:31 fitness      INFO     82cb36ae-3b61-11e8-9ec6-b06ebfcf91d2 was born! fitness: 0.9737
04-08 22:19:12 fitness      INFO     a02398c8-3b61-11e8-ae14-b06ebfcf91d2 was born! fitness: 0.9685
04-08 22:20:00 fitness      INFO     b81d5650-3b61-11e8-a1b8-b06ebfcf91d2 was born! fitness: 0.9658
04-08 22:20:42 fitness      INFO     d4b1bbe4-3b61-11e8-be14-b06ebfcf91d2 was born! fitness: 0.9716
04-08 22:21:36 fitness      INFO     edf08a46-3b61-11e8-a08d-b06ebfcf91d2 was born! fitness: 0.9741
04-08 22:22:24 fitness      INFO     0e05cc18-3b62-11e8-82db-b06ebfcf91d2 was born! fitness: 0.9725
04-08 22:23:15 fitness      INFO     2ae62a0a-3b62-11e8-a0e8-b06ebfcf91d2 was born! fitness: 0.9723
04-08 22:24:07 fitness      INFO     4939f40c-3b62-11e8-a42f-b06ebfcf91d2 was born! fitness: 0.9698
04-08 22:24:53 fitness      INFO     681f0b26-3b62-11e8-a201-b06ebfcf91d2 was born! fitness: 0.9747
04-08 22:25:39 fitness      INFO     83711b46-3b62-11e8-9216-b06ebfcf91d2 was born! fitness: 0.9713
04-08 22:26:28 fitness      INFO     9f47268a-3b62-11e8-b4fb-b06ebfcf91d2 was born! fitness: 0.9729
04-08 22:27:15 fitness      INFO     bc136a28-3b62-11e8-9fed-b06ebfcf91d2 was born! fitness: 0.9718
04-08 22:28:06 fitness      INFO     d7fdac24-3b62-11e8-9827-b06ebfcf91d2 was born! fitness: 0.9739
04-08 22:28:50 fitness      INFO     f656354a-3b62-11e8-baa1-b06ebfcf91d2 was born! fitness: 0.9713
04-08 22:29:53 fitness      INFO     1106617a-3b63-11e8-b252-b06ebfcf91d2 was born! fitness: 0.9738
04-08 22:30:53 fitness      INFO     36393e08-3b63-11e8-8e4f-b06ebfcf91d2 was born! fitness: 0.9712
04-08 22:31:44 fitness      INFO     59fd1bb4-3b63-11e8-a6ce-b06ebfcf91d2 was born! fitness: 0.9722
04-08 22:32:32 fitness      INFO     789fe5a8-3b63-11e8-b7a0-b06ebfcf91d2 was born! fitness: 0.9714
04-08 22:33:25 fitness      INFO     9569587e-3b63-11e8-9734-b06ebfcf91d2 was born! fitness: 0.9735
04-08 22:34:11 fitness      INFO     b4d51d50-3b63-11e8-a887-b06ebfcf91d2 was born! fitness: 0.9722
04-08 22:35:00 fitness      INFO     d02cc224-3b63-11e8-84af-b06ebfcf91d2 was born! fitness: 0.975
04-08 22:35:51 fitness      INFO     ed5cac66-3b63-11e8-bc7f-b06ebfcf91d2 was born! fitness: 0.9748
04-08 22:36:43 fitness      INFO     0bfb44cc-3b64-11e8-89fd-b06ebfcf91d2 was born! fitness: 0.972
04-08 22:37:34 fitness      INFO     2afada36-3b64-11e8-9a32-b06ebfcf91d2 was born! fitness: 0.9711
04-08 22:38:26 fitness      INFO     4927094c-3b64-11e8-9072-b06ebfcf91d2 was born! fitness: 0.9733
04-08 22:39:34 fitness      INFO     6808b1b4-3b64-11e8-9392-b06ebfcf91d2 was born! fitness: 0.9734
04-08 22:40:30 fitness      INFO     90f5f8e8-3b64-11e8-914b-b06ebfcf91d2 was born! fitness: 0.9736
04-08 22:41:32 fitness      INFO     b1fbe80a-3b64-11e8-baaf-b06ebfcf91d2 was born! fitness: 0.9749
04-08 22:42:39 fitness      INFO     d6c6c364-3b64-11e8-bc38-b06ebfcf91d2 was born! fitness: 0.9738
04-08 22:43:41 fitness      INFO     fed4b32e-3b64-11e8-971c-b06ebfcf91d2 was born! fitness: 0.973
04-08 22:44:44 fitness      INFO     240ade76-3b65-11e8-b89d-b06ebfcf91d2 was born! fitness: 0.9727
04-08 22:45:47 fitness      INFO     49484024-3b65-11e8-a52c-b06ebfcf91d2 was born! fitness: 0.9717
04-08 22:46:56 fitness      INFO     6f1212be-3b65-11e8-8c79-b06ebfcf91d2 was born! fitness: 0.9751
04-08 22:48:03 fitness      INFO     97f61058-3b65-11e8-bd65-b06ebfcf91d2 was born! fitness: 0.9729
04-08 22:49:14 fitness      INFO     c02cce22-3b65-11e8-aea4-b06ebfcf91d2 was born! fitness: 0.9721
04-08 22:50:27 fitness      INFO     ea8f6be6-3b65-11e8-b17f-b06ebfcf91d2 was born! fitness: 0.9717
04-08 22:51:39 fitness      INFO     15d3ca00-3b66-11e8-a623-b06ebfcf91d2 was born! fitness: 0.975
04-08 22:52:44 fitness      INFO     40c88662-3b66-11e8-8baf-b06ebfcf91d2 was born! fitness: 0.9717
04-08 22:53:44 fitness      INFO     674cd3c0-3b66-11e8-bc99-b06ebfcf91d2 was born! fitness: 0.9721
04-08 22:54:41 fitness      INFO     8b3bd814-3b66-11e8-902e-b06ebfcf91d2 was born! fitness: 0.9736
04-08 22:55:33 fitness      INFO     ad746b7a-3b66-11e8-b94d-b06ebfcf91d2 was born! fitness: 0.9704
04-08 22:56:30 fitness      INFO     cc8feb7a-3b66-11e8-b69c-b06ebfcf91d2 was born! fitness: 0.9733
04-08 22:57:24 fitness      INFO     ee1ca2ac-3b66-11e8-9aa8-b06ebfcf91d2 was born! fitness: 0.9733
04-08 22:58:20 fitness      INFO     0e7c5288-3b67-11e8-884d-b06ebfcf91d2 was born! fitness: 0.9752
04-08 22:59:20 fitness      INFO     2ff64ef4-3b67-11e8-9002-b06ebfcf91d2 was born! fitness: 0.9672
04-08 23:00:24 fitness      INFO     535fdb94-3b67-11e8-9380-b06ebfcf91d2 was born! fitness: 0.9743
04-08 23:01:36 fitness      INFO     79c31ccc-3b67-11e8-af27-b06ebfcf91d2 was born! fitness: 0.9716
04-08 23:02:33 fitness      INFO     a4a85d64-3b67-11e8-99d1-b06ebfcf91d2 was born! fitness: 0.974
04-08 23:03:39 fitness      INFO     c6c26090-3b67-11e8-82af-b06ebfcf91d2 was born! fitness: 0.9744
04-08 23:04:40 fitness      INFO     ee201434-3b67-11e8-b414-b06ebfcf91d2 was born! fitness: 0.973
04-08 23:05:46 fitness      INFO     12331f4c-3b68-11e8-9c54-b06ebfcf91d2 was born! fitness: 0.9754
04-08 23:06:49 fitness      INFO     399abd6e-3b68-11e8-8f6a-b06ebfcf91d2 was born! fitness: 0.9732
04-08 23:07:48 fitness      INFO     5f09615e-3b68-11e8-a42f-b06ebfcf91d2 was born! fitness: 0.9731
04-08 23:08:55 fitness      INFO     8274f724-3b68-11e8-a2c5-b06ebfcf91d2 was born! fitness: 0.9755
04-08 23:09:59 fitness      INFO     aa8eb6c6-3b68-11e8-9984-b06ebfcf91d2 was born! fitness: 0.973
04-08 23:11:04 fitness      INFO     d044c3e4-3b68-11e8-87e8-b06ebfcf91d2 was born! fitness: 0.9748
04-08 23:12:06 fitness      INFO     f70f875e-3b68-11e8-a2f5-b06ebfcf91d2 was born! fitness: 0.9756
04-08 23:13:11 fitness      INFO     1c06b906-3b69-11e8-90e5-b06ebfcf91d2 was born! fitness: 0.9739
04-08 23:14:05 fitness      INFO     432a0082-3b69-11e8-a92b-b06ebfcf91d2 was born! fitness: 0.9745
04-08 23:15:04 fitness      INFO     63002ad4-3b69-11e8-8499-b06ebfcf91d2 was born! fitness: 0.9731
04-08 23:16:04 fitness      INFO     86087e00-3b69-11e8-95e6-b06ebfcf91d2 was born! fitness: 0.9703
04-08 23:17:06 fitness      INFO     a9d04906-3b69-11e8-a156-b06ebfcf91d2 was born! fitness: 0.9737
04-08 23:17:57 fitness      INFO     cf168252-3b69-11e8-8157-b06ebfcf91d2 was born! fitness: 0.9731
04-08 23:19:03 fitness      INFO     ed838702-3b69-11e8-b5d4-b06ebfcf91d2 was born! fitness: 0.9727
04-08 23:20:00 fitness      INFO     1480a3d2-3b6a-11e8-9c7f-b06ebfcf91d2 was born! fitness: 0.9709
04-08 23:20:55 fitness      INFO     36dd3530-3b6a-11e8-a06c-b06ebfcf91d2 was born! fitness: 0.9739
04-08 23:21:55 fitness      INFO     57677d8c-3b6a-11e8-ba25-b06ebfcf91d2 was born! fitness: 0.9753
04-08 23:22:54 fitness      INFO     7b83954c-3b6a-11e8-a3d3-b06ebfcf91d2 was born! fitness: 0.9734
04-08 23:23:58 fitness      INFO     9e76498c-3b6a-11e8-ab03-b06ebfcf91d2 was born! fitness: 0.9712
04-08 23:24:52 fitness      INFO     c47bec10-3b6a-11e8-8dc1-b06ebfcf91d2 was born! fitness: 0.9715
04-08 23:25:48 fitness      INFO     e4cf273a-3b6a-11e8-8255-b06ebfcf91d2 was born! fitness: 0.9725
04-08 23:26:50 fitness      INFO     062de094-3b6b-11e8-a978-b06ebfcf91d2 was born! fitness: 0.9743
04-08 23:27:55 fitness      INFO     2b5391a8-3b6b-11e8-866f-b06ebfcf91d2 was born! fitness: 0.9737
04-08 23:28:54 fitness      INFO     521a849c-3b6b-11e8-af47-b06ebfcf91d2 was born! fitness: 0.9748
04-08 23:30:02 fitness      INFO     75098514-3b6b-11e8-a64d-b06ebfcf91d2 was born! fitness: 0.971
04-08 23:31:08 fitness      INFO     9d521434-3b6b-11e8-adfa-b06ebfcf91d2 was born! fitness: 0.9724
04-08 23:32:03 fitness      INFO     c4d92758-3b6b-11e8-ba56-b06ebfcf91d2 was born! fitness: 0.9697
04-08 23:33:19 fitness      INFO     e5bdc802-3b6b-11e8-85ac-b06ebfcf91d2 was born! fitness: 0.9764
04-08 23:34:21 fitness      INFO     13336e94-3b6c-11e8-a1bf-b06ebfcf91d2 was born! fitness: 0.9777
04-08 23:35:22 fitness      INFO     37f28878-3b6c-11e8-8da0-b06ebfcf91d2 was born! fitness: 0.9751
