04-09 11:49:53 population   INFO     Started growing generation 0...
04-09 11:50:24 fitness      INFO     f826304a-3bd2-11e8-b8a8-b06ebfcf91d2 was born! fitness: 0.9647
04-09 11:51:21 fitness      INFO     f826304a-3bd2-11e8-b8a8-b06ebfcf91d2 was born! fitness: 0.926
04-09 11:52:30 fitness      INFO     f826304a-3bd2-11e8-b8a8-b06ebfcf91d2 was born! fitness: 0.9638
04-09 11:52:57 fitness      INFO     f826304a-3bd2-11e8-b8a8-b06ebfcf91d2 was born! fitness: 0.9734
04-09 11:53:27 fitness      INFO     f826304a-3bd2-11e8-b8a8-b06ebfcf91d2 was born! fitness: 0.9239
04-09 11:54:00 fitness      INFO     f826304a-3bd2-11e8-b8a8-b06ebfcf91d2 was born! fitness: 0.9703
04-09 11:54:00 population   INFO     Growing done for generation 0! individuals: 6, best's fitness: 0.973400, avg fitness: 0.953683
04-09 11:54:00 population   INFO     Started growing generation 1...
04-09 11:54:42 fitness      INFO     8c20dfe6-3bd3-11e8-b905-b06ebfcf91d2 was born! fitness: 0.9719
04-09 11:55:12 fitness      INFO     a5121ea6-3bd3-11e8-a56e-b06ebfcf91d2 was born! fitness: 0.9649
04-09 11:55:39 fitness      INFO     b6a18d54-3bd3-11e8-b8d6-b06ebfcf91d2 was born! fitness: 0.974
04-09 11:55:39 population   INFO     Reproduction: new individuals: 3, total individuals: 9
04-09 11:55:39 population   INFO     Growing done for generation 1! individuals: 9, best's fitness: 0.974000, avg fitness: 0.959211
04-09 11:55:39 population   INFO     Started growing generation 2...
04-09 11:56:22 fitness      INFO     c6d84ae6-3bd3-11e8-8afa-b06ebfcf91d2 was born! fitness: 0.9754
04-09 11:57:04 fitness      INFO     e0637ed8-3bd3-11e8-a477-b06ebfcf91d2 was born! fitness: 0.973
04-09 11:57:34 fitness      INFO     f94847de-3bd3-11e8-b88f-b06ebfcf91d2 was born! fitness: 0.9735
04-09 11:58:04 fitness      INFO     0b4b1a1c-3bd4-11e8-8f1b-b06ebfcf91d2 was born! fitness: 0.969
04-09 11:58:35 fitness      INFO     1d91bb12-3bd4-11e8-9669-b06ebfcf91d2 was born! fitness: 0.9729
04-09 11:59:02 fitness      INFO     2feb9122-3bd4-11e8-8098-b06ebfcf91d2 was born! fitness: 0.9708
04-09 11:59:35 fitness      INFO     40058ee4-3bd4-11e8-8d05-b06ebfcf91d2 was born! fitness: 0.9747
04-09 12:00:08 fitness      INFO     53384b38-3bd4-11e8-b2a0-b06ebfcf91d2 was born! fitness: 0.9754
04-09 12:00:32 fitness      INFO     6740701c-3bd4-11e8-868f-b06ebfcf91d2 was born! fitness: 0.9739
04-09 12:00:32 population   INFO     Reproduction: new individuals: 9, total individuals: 18
04-09 12:00:32 population   INFO     f826304a-3bd2-11e8-b8a8-b06ebfcf91d2 died!
04-09 12:00:32 population   INFO     f826304a-3bd2-11e8-b8a8-b06ebfcf91d2 died!
04-09 12:00:32 population   INFO     a5121ea6-3bd3-11e8-a56e-b06ebfcf91d2 died!
04-09 12:00:32 population   INFO     f826304a-3bd2-11e8-b8a8-b06ebfcf91d2 died!
04-09 12:00:32 population   INFO     f826304a-3bd2-11e8-b8a8-b06ebfcf91d2 died!
04-09 12:00:32 population   INFO     Growing done for generation 2! individuals: 13, best's fitness: 0.975400, avg fitness: 0.968862
04-09 12:00:32 population   INFO     Started growing generation 3...
04-09 12:00:56 fitness      INFO     758f7794-3bd4-11e8-b1e9-b06ebfcf91d2 was born! fitness: 0.9738
04-09 12:01:25 fitness      INFO     8387cb54-3bd4-11e8-adae-b06ebfcf91d2 was born! fitness: 0.972
04-09 12:01:46 fitness      INFO     9503a502-3bd4-11e8-99f4-b06ebfcf91d2 was born! fitness: 0.9702
04-09 12:02:15 fitness      INFO     a1634fc6-3bd4-11e8-958c-b06ebfcf91d2 was born! fitness: 0.9747
04-09 12:02:45 fitness      INFO     b2dc5938-3bd4-11e8-aa1c-b06ebfcf91d2 was born! fitness: 0.9684
04-09 12:03:19 fitness      INFO     c48b330c-3bd4-11e8-858e-b06ebfcf91d2 was born! fitness: 0.9725
04-09 12:03:53 fitness      INFO     d8e7a102-3bd4-11e8-8d6a-b06ebfcf91d2 was born! fitness: 0.9748
04-09 12:04:31 fitness      INFO     ed205f3a-3bd4-11e8-af49-b06ebfcf91d2 was born! fitness: 0.9717
04-09 12:05:15 fitness      INFO     04145326-3bd5-11e8-89a8-b06ebfcf91d2 was born! fitness: 0.9703
04-09 12:05:54 fitness      INFO     1de5450c-3bd5-11e8-8d2d-b06ebfcf91d2 was born! fitness: 0.9732
04-09 12:06:24 fitness      INFO     353a3782-3bd5-11e8-bb5f-b06ebfcf91d2 was born! fitness: 0.9732
04-09 12:07:03 fitness      INFO     4719ae2e-3bd5-11e8-81f9-b06ebfcf91d2 was born! fitness: 0.9736
04-09 12:07:36 fitness      INFO     5e9ed512-3bd5-11e8-b32f-b06ebfcf91d2 was born! fitness: 0.9735
04-09 12:07:58 fitness      INFO     71fa595e-3bd5-11e8-a670-b06ebfcf91d2 was born! fitness: 0.9697
04-09 12:08:32 fitness      INFO     7f2c5a70-3bd5-11e8-948e-b06ebfcf91d2 was born! fitness: 0.9746
04-09 12:09:10 fitness      INFO     93ccfc2c-3bd5-11e8-8858-b06ebfcf91d2 was born! fitness: 0.9754
04-09 12:09:44 fitness      INFO     aa7d9e9e-3bd5-11e8-8c09-b06ebfcf91d2 was born! fitness: 0.9745
04-09 12:10:17 fitness      INFO     beb50982-3bd5-11e8-9af1-b06ebfcf91d2 was born! fitness: 0.9721
04-09 12:10:17 population   INFO     Reproduction: new individuals: 18, total individuals: 31
04-09 12:10:17 population   INFO     f826304a-3bd2-11e8-b8a8-b06ebfcf91d2 died!
04-09 12:10:17 population   INFO     0b4b1a1c-3bd4-11e8-8f1b-b06ebfcf91d2 died!
04-09 12:10:17 population   INFO     2feb9122-3bd4-11e8-8098-b06ebfcf91d2 died!
04-09 12:10:17 population   INFO     b6a18d54-3bd3-11e8-b8d6-b06ebfcf91d2 died!
04-09 12:10:17 population   INFO     Growing done for generation 3! individuals: 27, best's fitness: 0.975400, avg fitness: 0.972726
04-09 12:10:17 population   INFO     Started growing generation 4...
04-09 12:10:49 fitness      INFO     d2509c1a-3bd5-11e8-acea-b06ebfcf91d2 was born! fitness: 0.9719
04-09 12:11:26 fitness      INFO     e51c47ee-3bd5-11e8-a65e-b06ebfcf91d2 was born! fitness: 0.9724
04-09 12:11:58 fitness      INFO     fb48b1fa-3bd5-11e8-8152-b06ebfcf91d2 was born! fitness: 0.9749
04-09 12:12:31 fitness      INFO     0e8eae4c-3bd6-11e8-a516-b06ebfcf91d2 was born! fitness: 0.976
04-09 12:13:11 fitness      INFO     21f22ad8-3bd6-11e8-9fa7-b06ebfcf91d2 was born! fitness: 0.9719
04-09 12:13:47 fitness      INFO     39da72be-3bd6-11e8-a2dc-b06ebfcf91d2 was born! fitness: 0.9722
04-09 12:14:24 fitness      INFO     4f62e8ca-3bd6-11e8-9c34-b06ebfcf91d2 was born! fitness: 0.9737
04-09 12:14:54 fitness      INFO     65887312-3bd6-11e8-8bc1-b06ebfcf91d2 was born! fitness: 0.9748
04-09 12:15:41 fitness      INFO     77935eae-3bd6-11e8-ab81-b06ebfcf91d2 was born! fitness: 0.9744
04-09 12:16:09 fitness      INFO     93640c40-3bd6-11e8-a78e-b06ebfcf91d2 was born! fitness: 0.9705
04-09 12:16:42 fitness      INFO     a443ab2e-3bd6-11e8-8b15-b06ebfcf91d2 was born! fitness: 0.973
04-09 12:17:17 fitness      INFO     b7af81e8-3bd6-11e8-be63-b06ebfcf91d2 was born! fitness: 0.9738
04-09 12:17:45 fitness      INFO     cc9d6db6-3bd6-11e8-9293-b06ebfcf91d2 was born! fitness: 0.9733
04-09 12:18:15 fitness      INFO     dd4e627e-3bd6-11e8-8e01-b06ebfcf91d2 was born! fitness: 0.9682
04-09 12:18:52 fitness      INFO     eefb6b38-3bd6-11e8-81f8-b06ebfcf91d2 was born! fitness: 0.9738
04-09 12:19:27 fitness      INFO     04dd1a86-3bd7-11e8-9bb8-b06ebfcf91d2 was born! fitness: 0.9735
04-09 12:19:58 fitness      INFO     1a2e7692-3bd7-11e8-8b89-b06ebfcf91d2 was born! fitness: 0.9722
04-09 12:20:28 fitness      INFO     2c7bd9a6-3bd7-11e8-a7f6-b06ebfcf91d2 was born! fitness: 0.9757
04-09 12:21:00 fitness      INFO     3ea3f702-3bd7-11e8-aab5-b06ebfcf91d2 was born! fitness: 0.9727
04-09 12:21:36 fitness      INFO     5139c122-3bd7-11e8-9e03-b06ebfcf91d2 was born! fitness: 0.973
04-09 12:22:13 fitness      INFO     66cb300c-3bd7-11e8-85ce-b06ebfcf91d2 was born! fitness: 0.9737
04-09 12:22:47 fitness      INFO     7cb44530-3bd7-11e8-a644-b06ebfcf91d2 was born! fitness: 0.9729
04-09 12:23:28 fitness      INFO     91508b82-3bd7-11e8-8f0f-b06ebfcf91d2 was born! fitness: 0.9709
04-09 12:24:06 fitness      INFO     a9e1ce7a-3bd7-11e8-aef0-b06ebfcf91d2 was born! fitness: 0.9738
04-09 12:24:49 fitness      INFO     c0573bfa-3bd7-11e8-9447-b06ebfcf91d2 was born! fitness: 0.9727
04-09 12:25:37 fitness      INFO     d9e72336-3bd7-11e8-b807-b06ebfcf91d2 was born! fitness: 0.9687
04-09 12:26:20 fitness      INFO     f66469ba-3bd7-11e8-8f2c-b06ebfcf91d2 was born! fitness: 0.9744
04-09 12:26:59 fitness      INFO     1063724c-3bd8-11e8-ba29-b06ebfcf91d2 was born! fitness: 0.9743
04-09 12:27:40 fitness      INFO     27a87bd4-3bd8-11e8-9b60-b06ebfcf91d2 was born! fitness: 0.9712
04-09 12:28:17 fitness      INFO     3fd579e2-3bd8-11e8-a100-b06ebfcf91d2 was born! fitness: 0.9715
04-09 12:28:59 fitness      INFO     559db3e4-3bd8-11e8-8af6-b06ebfcf91d2 was born! fitness: 0.9743
04-09 12:29:48 fitness      INFO     6ed20bb0-3bd8-11e8-a1c9-b06ebfcf91d2 was born! fitness: 0.9724
04-09 12:30:19 fitness      INFO     8c4d756c-3bd8-11e8-8515-b06ebfcf91d2 was born! fitness: 0.9733
04-09 12:30:56 fitness      INFO     9eb007ae-3bd8-11e8-b086-b06ebfcf91d2 was born! fitness: 0.9727
04-09 12:31:33 fitness      INFO     b4bf431a-3bd8-11e8-b0bd-b06ebfcf91d2 was born! fitness: 0.971
04-09 12:32:11 fitness      INFO     ca71e09a-3bd8-11e8-bdee-b06ebfcf91d2 was born! fitness: 0.9707
04-09 12:32:48 fitness      INFO     e13a608c-3bd8-11e8-8138-b06ebfcf91d2 was born! fitness: 0.9738
04-09 12:33:18 fitness      INFO     f7725250-3bd8-11e8-b65e-b06ebfcf91d2 was born! fitness: 0.9747
04-09 12:33:52 fitness      INFO     0906d1e6-3bd9-11e8-a105-b06ebfcf91d2 was born! fitness: 0.9725
04-09 12:34:27 fitness      INFO     1dc8c6ec-3bd9-11e8-901c-b06ebfcf91d2 was born! fitness: 0.9744
04-09 12:34:57 fitness      INFO     329f49dc-3bd9-11e8-b6bc-b06ebfcf91d2 was born! fitness: 0.9696
04-09 12:35:33 fitness      INFO     4455864a-3bd9-11e8-9ce1-b06ebfcf91d2 was born! fitness: 0.9755
04-09 12:36:06 fitness      INFO     59e8c0a6-3bd9-11e8-89ee-b06ebfcf91d2 was born! fitness: 0.9735
04-09 12:36:43 fitness      INFO     6d6455fe-3bd9-11e8-a3c4-b06ebfcf91d2 was born! fitness: 0.9744
04-09 12:37:25 fitness      INFO     83c1ba92-3bd9-11e8-96b0-b06ebfcf91d2 was born! fitness: 0.9758
04-09 12:38:02 fitness      INFO     9c64d2e4-3bd9-11e8-a77a-b06ebfcf91d2 was born! fitness: 0.9706
04-09 12:38:32 fitness      INFO     b2c45490-3bd9-11e8-bb12-b06ebfcf91d2 was born! fitness: 0.9726
04-09 12:39:16 fitness      INFO     c46c98c8-3bd9-11e8-bd97-b06ebfcf91d2 was born! fitness: 0.9747
04-09 12:39:56 fitness      INFO     de6f3b78-3bd9-11e8-876c-b06ebfcf91d2 was born! fitness: 0.9728
04-09 12:40:40 fitness      INFO     f6c997c6-3bd9-11e8-bd30-b06ebfcf91d2 was born! fitness: 0.9753
04-09 12:41:28 fitness      INFO     10a110ba-3bda-11e8-88c9-b06ebfcf91d2 was born! fitness: 0.9711
04-09 12:42:11 fitness      INFO     2d2da51c-3bda-11e8-bb28-b06ebfcf91d2 was born! fitness: 0.9741
04-09 12:42:38 fitness      INFO     4701c5ac-3bda-11e8-bfb6-b06ebfcf91d2 was born! fitness: 0.972
04-09 12:43:16 fitness      INFO     57397788-3bda-11e8-bbe9-b06ebfcf91d2 was born! fitness: 0.9751
04-09 12:43:48 fitness      INFO     6df3e34c-3bda-11e8-b79f-b06ebfcf91d2 was born! fitness: 0.9691
04-09 12:44:17 fitness      INFO     80928b6c-3bda-11e8-9817-b06ebfcf91d2 was born! fitness: 0.9709
04-09 12:44:51 fitness      INFO     9206b3c8-3bda-11e8-b04e-b06ebfcf91d2 was born! fitness: 0.972
04-09 12:45:21 fitness      INFO     a6386e52-3bda-11e8-91f7-b06ebfcf91d2 was born! fitness: 0.9744
04-09 12:45:56 fitness      INFO     b7fc672e-3bda-11e8-93ab-b06ebfcf91d2 was born! fitness: 0.974
04-09 12:46:27 fitness      INFO     cceebc6e-3bda-11e8-b738-b06ebfcf91d2 was born! fitness: 0.975
04-09 12:47:02 fitness      INFO     df902e1a-3bda-11e8-a676-b06ebfcf91d2 was born! fitness: 0.9742
04-09 12:47:43 fitness      INFO     f46b897a-3bda-11e8-b890-b06ebfcf91d2 was born! fitness: 0.9739
04-09 12:48:22 fitness      INFO     0cb67986-3bdb-11e8-a28f-b06ebfcf91d2 was born! fitness: 0.9731
04-09 12:48:56 fitness      INFO     23ebf03a-3bdb-11e8-90c0-b06ebfcf91d2 was born! fitness: 0.9747
04-09 12:49:32 fitness      INFO     38a4a5ba-3bdb-11e8-b649-b06ebfcf91d2 was born! fitness: 0.9748
04-09 12:50:09 fitness      INFO     4e1b8828-3bdb-11e8-a969-b06ebfcf91d2 was born! fitness: 0.9749
04-09 12:50:52 fitness      INFO     6420ff1a-3bdb-11e8-a88e-b06ebfcf91d2 was born! fitness: 0.9753
04-09 12:51:31 fitness      INFO     7d595480-3bdb-11e8-9cc5-b06ebfcf91d2 was born! fitness: 0.9708
04-09 12:52:08 fitness      INFO     95125d06-3bdb-11e8-89be-b06ebfcf91d2 was born! fitness: 0.9739
04-09 12:52:42 fitness      INFO     aacbf8f6-3bdb-11e8-91f2-b06ebfcf91d2 was born! fitness: 0.9745
04-09 12:53:18 fitness      INFO     bed26328-3bdb-11e8-a7e8-b06ebfcf91d2 was born! fitness: 0.9733
04-09 12:53:58 fitness      INFO     d4d880a8-3bdb-11e8-b567-b06ebfcf91d2 was born! fitness: 0.9716
04-09 12:54:38 fitness      INFO     ecacd72e-3bdb-11e8-bf9f-b06ebfcf91d2 was born! fitness: 0.9711
04-09 12:55:15 fitness      INFO     03fb7f98-3bdc-11e8-8b10-b06ebfcf91d2 was born! fitness: 0.9734
04-09 12:55:48 fitness      INFO     1a3dc3a8-3bdc-11e8-b3c1-b06ebfcf91d2 was born! fitness: 0.9703
04-09 12:56:25 fitness      INFO     2e2ba47a-3bdc-11e8-8e9b-b06ebfcf91d2 was born! fitness: 0.9718
04-09 12:57:10 fitness      INFO     43fad9be-3bdc-11e8-851e-b06ebfcf91d2 was born! fitness: 0.9752
04-09 12:57:49 fitness      INFO     5eb63422-3bdc-11e8-bd65-b06ebfcf91d2 was born! fitness: 0.9687
04-09 12:58:37 fitness      INFO     75f479b4-3bdc-11e8-93ec-b06ebfcf91d2 was born! fitness: 0.9727
04-09 12:59:09 fitness      INFO     92c34846-3bdc-11e8-8199-b06ebfcf91d2 was born! fitness: 0.9707
04-09 12:59:52 fitness      INFO     a5e30840-3bdc-11e8-b891-b06ebfcf91d2 was born! fitness: 0.974
04-09 13:00:31 fitness      INFO     bfa940e6-3bdc-11e8-a0d0-b06ebfcf91d2 was born! fitness: 0.9698
04-09 13:01:16 fitness      INFO     d6ce39c6-3bdc-11e8-9c6b-b06ebfcf91d2 was born! fitness: 0.9736
04-09 13:01:16 population   INFO     Reproduction: new individuals: 83, total individuals: 110
04-09 13:01:16 population   INFO     f826304a-3bd2-11e8-b8a8-b06ebfcf91d2 died!
04-09 13:01:16 population   INFO     b2dc5938-3bd4-11e8-aa1c-b06ebfcf91d2 died!
04-09 13:01:16 population   INFO     71fa595e-3bd5-11e8-a670-b06ebfcf91d2 died!
04-09 13:01:16 population   INFO     9503a502-3bd4-11e8-99f4-b06ebfcf91d2 died!
04-09 13:01:16 population   INFO     8c20dfe6-3bd3-11e8-b905-b06ebfcf91d2 died!
04-09 13:01:16 population   INFO     8387cb54-3bd4-11e8-adae-b06ebfcf91d2 died!
04-09 13:01:16 population   INFO     beb50982-3bd5-11e8-9af1-b06ebfcf91d2 died!
04-09 13:01:16 population   INFO     1d91bb12-3bd4-11e8-9669-b06ebfcf91d2 died!
04-09 13:01:16 population   INFO     e0637ed8-3bd3-11e8-a477-b06ebfcf91d2 died!
04-09 13:01:16 population   INFO     758f7794-3bd4-11e8-b1e9-b06ebfcf91d2 died!
04-09 13:01:16 population   INFO     Growing done for generation 4! individuals: 105, best's fitness: 0.976000, avg fitness: 0.973077
04-09 13:01:16 population   INFO     Started growing generation 5...
04-09 13:02:00 fitness      INFO     f1a3e440-3bdc-11e8-b8da-b06ebfcf91d2 was born! fitness: 0.9753
04-09 13:02:34 fitness      INFO     0bd5eee4-3bdd-11e8-8725-b06ebfcf91d2 was born! fitness: 0.9691
04-09 13:03:10 fitness      INFO     1fbba450-3bdd-11e8-8451-b06ebfcf91d2 was born! fitness: 0.9732
04-09 13:03:53 fitness      INFO     3597e206-3bdd-11e8-b89c-b06ebfcf91d2 was born! fitness: 0.9721
04-09 13:04:25 fitness      INFO     4ee9315a-3bdd-11e8-b03c-b06ebfcf91d2 was born! fitness: 0.9689
04-09 13:05:01 fitness      INFO     61dfee2c-3bdd-11e8-bb12-b06ebfcf91d2 was born! fitness: 0.9753
04-09 13:05:39 fitness      INFO     77b65164-3bdd-11e8-baf2-b06ebfcf91d2 was born! fitness: 0.9749
04-09 13:06:11 fitness      INFO     8e339134-3bdd-11e8-9c1e-b06ebfcf91d2 was born! fitness: 0.9713
04-09 13:06:45 fitness      INFO     a1713f9e-3bdd-11e8-9a9b-b06ebfcf91d2 was born! fitness: 0.9719
04-09 13:07:20 fitness      INFO     b55d4ee6-3bdd-11e8-acfb-b06ebfcf91d2 was born! fitness: 0.9751
04-09 13:08:03 fitness      INFO     ca90541c-3bdd-11e8-9f42-b06ebfcf91d2 was born! fitness: 0.9699
04-09 13:08:49 fitness      INFO     e412eb6c-3bdd-11e8-a0c0-b06ebfcf91d2 was born! fitness: 0.9756
04-09 13:09:24 fitness      INFO     ff75dbd8-3bdd-11e8-a9b1-b06ebfcf91d2 was born! fitness: 0.9718
04-09 13:10:10 fitness      INFO     14889290-3bde-11e8-9285-b06ebfcf91d2 was born! fitness: 0.9749
04-09 13:10:43 fitness      INFO     2f8ac0fa-3bde-11e8-9739-b06ebfcf91d2 was born! fitness: 0.9735
04-09 13:11:15 fitness      INFO     43640b0a-3bde-11e8-bd27-b06ebfcf91d2 was born! fitness: 0.9731
04-09 13:11:48 fitness      INFO     56514c5c-3bde-11e8-a6fd-b06ebfcf91d2 was born! fitness: 0.9732
04-09 13:12:28 fitness      INFO     6a17299c-3bde-11e8-aeb4-b06ebfcf91d2 was born! fitness: 0.9754
04-09 13:13:08 fitness      INFO     81f307e2-3bde-11e8-bdf5-b06ebfcf91d2 was born! fitness: 0.9735
04-09 13:13:58 fitness      INFO     9a1ccb78-3bde-11e8-bad2-b06ebfcf91d2 was born! fitness: 0.9753
04-09 13:14:37 fitness      INFO     b764049e-3bde-11e8-bee6-b06ebfcf91d2 was born! fitness: 0.9724
04-09 13:15:14 fitness      INFO     ce9e3c9e-3bde-11e8-b19b-b06ebfcf91d2 was born! fitness: 0.9734
04-09 13:15:49 fitness      INFO     e4ebc230-3bde-11e8-a925-b06ebfcf91d2 was born! fitness: 0.9701
04-09 13:16:29 fitness      INFO     f990d610-3bde-11e8-a79b-b06ebfcf91d2 was born! fitness: 0.9717
04-09 13:17:10 fitness      INFO     11a141d4-3bdf-11e8-8b7b-b06ebfcf91d2 was born! fitness: 0.9735
04-09 13:17:55 fitness      INFO     2a4d1e6c-3bdf-11e8-8f85-b06ebfcf91d2 was born! fitness: 0.9738
04-09 13:18:30 fitness      INFO     44cea274-3bdf-11e8-9530-b06ebfcf91d2 was born! fitness: 0.9729
04-09 13:19:14 fitness      INFO     599229ec-3bdf-11e8-84e6-b06ebfcf91d2 was born! fitness: 0.9738
04-09 13:19:48 fitness      INFO     74233b46-3bdf-11e8-8dbf-b06ebfcf91d2 was born! fitness: 0.9727
04-09 13:20:25 fitness      INFO     88819410-3bdf-11e8-8acf-b06ebfcf91d2 was born! fitness: 0.972
04-09 13:20:54 fitness      INFO     9e5a90d4-3bdf-11e8-8cba-b06ebfcf91d2 was born! fitness: 0.9708
04-09 13:21:48 fitness      INFO     afdab054-3bdf-11e8-b62c-b06ebfcf91d2 was born! fitness: 0.9723
04-09 13:22:28 fitness      INFO     cfd05d58-3bdf-11e8-aa70-b06ebfcf91d2 was born! fitness: 0.9733
04-09 13:23:10 fitness      INFO     e77d3a06-3bdf-11e8-ba3a-b06ebfcf91d2 was born! fitness: 0.9714
04-09 13:23:55 fitness      INFO     0084ca2e-3be0-11e8-a185-b06ebfcf91d2 was born! fitness: 0.9702
04-09 13:24:38 fitness      INFO     1b479412-3be0-11e8-8209-b06ebfcf91d2 was born! fitness: 0.9727
04-09 13:25:25 fitness      INFO     3565caee-3be0-11e8-b98a-b06ebfcf91d2 was born! fitness: 0.9702
04-09 13:26:10 fitness      INFO     51083064-3be0-11e8-bbfd-b06ebfcf91d2 was born! fitness: 0.9658
04-09 13:26:54 fitness      INFO     6c39de64-3be0-11e8-9ce0-b06ebfcf91d2 was born! fitness: 0.9734
04-09 13:27:38 fitness      INFO     85fea88a-3be0-11e8-ace2-b06ebfcf91d2 was born! fitness: 0.975
04-09 13:28:20 fitness      INFO     a05a33b6-3be0-11e8-a79f-b06ebfcf91d2 was born! fitness: 0.9715
04-09 13:28:58 fitness      INFO     b98c9d36-3be0-11e8-bd8f-b06ebfcf91d2 was born! fitness: 0.973
04-09 13:29:40 fitness      INFO     cffec9f4-3be0-11e8-91c4-b06ebfcf91d2 was born! fitness: 0.9715
04-09 13:30:26 fitness      INFO     e95bdd9e-3be0-11e8-8ddb-b06ebfcf91d2 was born! fitness: 0.9741
04-09 13:31:00 fitness      INFO     0493d936-3be1-11e8-97e9-b06ebfcf91d2 was born! fitness: 0.9717
04-09 13:31:25 fitness      INFO     18c1d75e-3be1-11e8-90c8-b06ebfcf91d2 was born! fitness: 0.9678
04-09 13:31:59 fitness      INFO     27f650d0-3be1-11e8-becc-b06ebfcf91d2 was born! fitness: 0.9727
04-09 13:32:29 fitness      INFO     3bfa38ec-3be1-11e8-8751-b06ebfcf91d2 was born! fitness: 0.9717
04-09 13:33:02 fitness      INFO     4e0d49da-3be1-11e8-815e-b06ebfcf91d2 was born! fitness: 0.9686
04-09 13:33:41 fitness      INFO     619b4f00-3be1-11e8-8bbf-b06ebfcf91d2 was born! fitness: 0.9703
04-09 13:34:19 fitness      INFO     788cfe8a-3be1-11e8-8d28-b06ebfcf91d2 was born! fitness: 0.9741
04-09 13:35:00 fitness      INFO     8f7eb1f0-3be1-11e8-a6b3-b06ebfcf91d2 was born! fitness: 0.9716
04-09 13:35:37 fitness      INFO     a7d7bb68-3be1-11e8-a28a-b06ebfcf91d2 was born! fitness: 0.9748
04-09 13:36:21 fitness      INFO     bdd01c14-3be1-11e8-a43e-b06ebfcf91d2 was born! fitness: 0.9696
04-09 13:37:01 fitness      INFO     d7f8b6de-3be1-11e8-b6fd-b06ebfcf91d2 was born! fitness: 0.9711
04-09 13:37:46 fitness      INFO     f04aaf9e-3be1-11e8-bf2b-b06ebfcf91d2 was born! fitness: 0.9744
04-09 13:38:30 fitness      INFO     0aada5dc-3be2-11e8-bf33-b06ebfcf91d2 was born! fitness: 0.9745
04-09 13:39:16 fitness      INFO     2518af92-3be2-11e8-bfb7-b06ebfcf91d2 was born! fitness: 0.9725
04-09 13:39:56 fitness      INFO     40569bc0-3be2-11e8-b724-b06ebfcf91d2 was born! fitness: 0.9754
04-09 13:40:47 fitness      INFO     58142a22-3be2-11e8-a04c-b06ebfcf91d2 was born! fitness: 0.9748
04-09 13:41:43 fitness      INFO     7672328c-3be2-11e8-8570-b06ebfcf91d2 was born! fitness: 0.9758
04-09 13:42:37 fitness      INFO     97d9e138-3be2-11e8-a73c-b06ebfcf91d2 was born! fitness: 0.9728
04-09 13:43:31 fitness      INFO     b856fd06-3be2-11e8-ba5a-b06ebfcf91d2 was born! fitness: 0.9731
04-09 13:44:18 fitness      INFO     d83ebd48-3be2-11e8-ace2-b06ebfcf91d2 was born! fitness: 0.9715
04-09 13:45:01 fitness      INFO     f472574c-3be2-11e8-a5e6-b06ebfcf91d2 was born! fitness: 0.9725
04-09 13:45:41 fitness      INFO     0e1a8eee-3be3-11e8-a0d7-b06ebfcf91d2 was born! fitness: 0.9737
04-09 13:46:22 fitness      INFO     25cf807e-3be3-11e8-9d1d-b06ebfcf91d2 was born! fitness: 0.9704
04-09 13:47:07 fitness      INFO     3ea66278-3be3-11e8-a964-b06ebfcf91d2 was born! fitness: 0.9743
04-09 13:47:56 fitness      INFO     5952cbe6-3be3-11e8-87d6-b06ebfcf91d2 was born! fitness: 0.969
04-09 13:48:40 fitness      INFO     7626d23e-3be3-11e8-a7be-b06ebfcf91d2 was born! fitness: 0.9716
04-09 13:49:23 fitness      INFO     905fb786-3be3-11e8-bdfc-b06ebfcf91d2 was born! fitness: 0.9715
04-09 13:49:55 fitness      INFO     aa42d14c-3be3-11e8-bbd3-b06ebfcf91d2 was born! fitness: 0.9669
04-09 13:50:38 fitness      INFO     bd56164c-3be3-11e8-a567-b06ebfcf91d2 was born! fitness: 0.9718
04-09 13:51:25 fitness      INFO     d700f3ee-3be3-11e8-97f7-b06ebfcf91d2 was born! fitness: 0.9732
04-09 13:52:05 fitness      INFO     f2f51ddc-3be3-11e8-9fb9-b06ebfcf91d2 was born! fitness: 0.9701
04-09 13:52:53 fitness      INFO     0afec3d0-3be4-11e8-9ad8-b06ebfcf91d2 was born! fitness: 0.9759
04-09 13:53:39 fitness      INFO     2724a640-3be4-11e8-98f2-b06ebfcf91d2 was born! fitness: 0.9663
04-09 13:54:27 fitness      INFO     4307208c-3be4-11e8-8aa4-b06ebfcf91d2 was born! fitness: 0.9713
04-09 13:55:12 fitness      INFO     5f3949fa-3be4-11e8-8283-b06ebfcf91d2 was born! fitness: 0.9731
04-09 13:55:55 fitness      INFO     7a565f62-3be4-11e8-9016-b06ebfcf91d2 was born! fitness: 0.9733
04-09 13:56:41 fitness      INFO     940ea630-3be4-11e8-85ca-b06ebfcf91d2 was born! fitness: 0.972
04-09 13:57:27 fitness      INFO     af4b7168-3be4-11e8-9885-b06ebfcf91d2 was born! fitness: 0.972
04-09 13:58:12 fitness      INFO     ca880e24-3be4-11e8-a8d9-b06ebfcf91d2 was born! fitness: 0.974
04-09 13:58:58 fitness      INFO     e5cb042c-3be4-11e8-bf7e-b06ebfcf91d2 was born! fitness: 0.9746
04-09 13:59:47 fitness      INFO     01280fb6-3be5-11e8-990b-b06ebfcf91d2 was born! fitness: 0.9699
04-09 14:00:33 fitness      INFO     1e799dca-3be5-11e8-9f47-b06ebfcf91d2 was born! fitness: 0.9732
04-09 14:01:13 fitness      INFO     395ccf4c-3be5-11e8-a6d9-b06ebfcf91d2 was born! fitness: 0.9721
04-09 14:02:01 fitness      INFO     5192d1c6-3be5-11e8-8865-b06ebfcf91d2 was born! fitness: 0.9743
04-09 14:02:43 fitness      INFO     6e5b6890-3be5-11e8-a04e-b06ebfcf91d2 was born! fitness: 0.9744
04-09 14:03:29 fitness      INFO     8753556c-3be5-11e8-b70a-b06ebfcf91d2 was born! fitness: 0.9733
04-09 14:04:14 fitness      INFO     a250bd38-3be5-11e8-bfcb-b06ebfcf91d2 was born! fitness: 0.9745
04-09 14:04:51 fitness      INFO     bd6d4518-3be5-11e8-9aa8-b06ebfcf91d2 was born! fitness: 0.9712
04-09 14:05:31 fitness      INFO     d39becb0-3be5-11e8-99ac-b06ebfcf91d2 was born! fitness: 0.9702
04-09 14:06:15 fitness      INFO     eaf21614-3be5-11e8-809d-b06ebfcf91d2 was born! fitness: 0.9738
04-09 14:06:50 fitness      INFO     05542986-3be6-11e8-8a75-b06ebfcf91d2 was born! fitness: 0.9742
04-09 14:07:32 fitness      INFO     1a446c9a-3be6-11e8-acf4-b06ebfcf91d2 was born! fitness: 0.9701
04-09 14:08:20 fitness      INFO     336eaef0-3be6-11e8-8195-b06ebfcf91d2 was born! fitness: 0.9712
04-09 14:09:09 fitness      INFO     5019e1e8-3be6-11e8-a845-b06ebfcf91d2 was born! fitness: 0.9704
04-09 14:09:55 fitness      INFO     6d78d5b0-3be6-11e8-8e3a-b06ebfcf91d2 was born! fitness: 0.9735
04-09 14:10:47 fitness      INFO     88deb046-3be6-11e8-a034-b06ebfcf91d2 was born! fitness: 0.9747
04-09 14:11:36 fitness      INFO     a79da398-3be6-11e8-a358-b06ebfcf91d2 was born! fitness: 0.9708
04-09 14:12:22 fitness      INFO     c4d34018-3be6-11e8-88a7-b06ebfcf91d2 was born! fitness: 0.9707
04-09 14:13:11 fitness      INFO     e026eb1c-3be6-11e8-bc14-b06ebfcf91d2 was born! fitness: 0.9732
04-09 14:13:58 fitness      INFO     fd56e8c8-3be6-11e8-a95b-b06ebfcf91d2 was born! fitness: 0.9713
04-09 14:14:47 fitness      INFO     1931250c-3be7-11e8-93a2-b06ebfcf91d2 was born! fitness: 0.9719
04-09 14:15:25 fitness      INFO     367bdff8-3be7-11e8-b336-b06ebfcf91d2 was born! fitness: 0.9709
04-09 14:16:18 fitness      INFO     4d3cfd9a-3be7-11e8-92a4-b06ebfcf91d2 was born! fitness: 0.9736
04-09 14:17:16 fitness      INFO     6cff0798-3be7-11e8-988c-b06ebfcf91d2 was born! fitness: 0.9697
04-09 14:18:04 fitness      INFO     8f474862-3be7-11e8-b4b6-b06ebfcf91d2 was born! fitness: 0.9741
04-09 14:18:44 fitness      INFO     ac0ef3e2-3be7-11e8-a738-b06ebfcf91d2 was born! fitness: 0.9711
04-09 14:19:32 fitness      INFO     c42f837a-3be7-11e8-be87-b06ebfcf91d2 was born! fitness: 0.9742
04-09 14:20:19 fitness      INFO     e03dab98-3be7-11e8-ac6f-b06ebfcf91d2 was born! fitness: 0.9722
04-09 14:21:11 fitness      INFO     fcc86cf0-3be7-11e8-bce5-b06ebfcf91d2 was born! fitness: 0.9712
04-09 14:22:17 fitness      INFO     1b63ac2e-3be8-11e8-88e1-b06ebfcf91d2 was born! fitness: 0.9755
04-09 14:23:06 fitness      INFO     42cef228-3be8-11e8-a905-b06ebfcf91d2 was born! fitness: 0.9712
04-09 14:23:46 fitness      INFO     5fecfa76-3be8-11e8-9798-b06ebfcf91d2 was born! fitness: 0.973
04-09 14:24:30 fitness      INFO     782748f8-3be8-11e8-911a-b06ebfcf91d2 was born! fitness: 0.9722
04-09 14:25:11 fitness      INFO     925cd73a-3be8-11e8-b593-b06ebfcf91d2 was born! fitness: 0.9711
04-09 14:25:59 fitness      INFO     aa9c10d2-3be8-11e8-9c60-b06ebfcf91d2 was born! fitness: 0.9719
04-09 14:26:53 fitness      INFO     c6e51402-3be8-11e8-a0ea-b06ebfcf91d2 was born! fitness: 0.9724
04-09 14:27:37 fitness      INFO     e769cc1c-3be8-11e8-8eae-b06ebfcf91d2 was born! fitness: 0.9705
04-09 14:28:23 fitness      INFO     0164b04c-3be9-11e8-86ca-b06ebfcf91d2 was born! fitness: 0.9756
04-09 14:29:07 fitness      INFO     1ccd739e-3be9-11e8-9a4b-b06ebfcf91d2 was born! fitness: 0.9738
04-09 14:29:58 fitness      INFO     376ecc1c-3be9-11e8-9047-b06ebfcf91d2 was born! fitness: 0.9714
04-09 14:30:41 fitness      INFO     55803408-3be9-11e8-981b-b06ebfcf91d2 was born! fitness: 0.9701
04-09 14:31:28 fitness      INFO     6f906fc6-3be9-11e8-8ba1-b06ebfcf91d2 was born! fitness: 0.9729
04-09 14:32:13 fitness      INFO     8b099326-3be9-11e8-ab6f-b06ebfcf91d2 was born! fitness: 0.9736
04-09 14:33:00 fitness      INFO     a617b76e-3be9-11e8-9d73-b06ebfcf91d2 was born! fitness: 0.9732
04-09 14:33:49 fitness      INFO     c24978ca-3be9-11e8-91ad-b06ebfcf91d2 was born! fitness: 0.9713
04-09 14:34:40 fitness      INFO     df9af2f8-3be9-11e8-b452-b06ebfcf91d2 was born! fitness: 0.9745
04-09 14:35:26 fitness      INFO     fdc455de-3be9-11e8-aa4d-b06ebfcf91d2 was born! fitness: 0.9724
04-09 14:36:16 fitness      INFO     1911f01e-3bea-11e8-955f-b06ebfcf91d2 was born! fitness: 0.9729
04-09 14:37:05 fitness      INFO     3727bdf0-3bea-11e8-bc4e-b06ebfcf91d2 was born! fitness: 0.971
04-09 14:38:00 fitness      INFO     54351440-3bea-11e8-8660-b06ebfcf91d2 was born! fitness: 0.9727
04-09 14:38:50 fitness      INFO     74a7ef40-3bea-11e8-9902-b06ebfcf91d2 was born! fitness: 0.9722
04-09 14:39:57 fitness      INFO     93065840-3bea-11e8-b809-b06ebfcf91d2 was born! fitness: 0.9761
04-09 14:40:53 fitness      INFO     ba7c9246-3bea-11e8-9d99-b06ebfcf91d2 was born! fitness: 0.9742
04-09 14:41:51 fitness      INFO     dc26178c-3bea-11e8-894f-b06ebfcf91d2 was born! fitness: 0.9702
04-09 14:42:50 fitness      INFO     fe6d7d54-3bea-11e8-9103-b06ebfcf91d2 was born! fitness: 0.9723
04-09 14:43:44 fitness      INFO     21f3cd74-3beb-11e8-9189-b06ebfcf91d2 was born! fitness: 0.9775
04-09 14:44:31 fitness      INFO     41d690a8-3beb-11e8-9eed-b06ebfcf91d2 was born! fitness: 0.9709
04-09 14:45:28 fitness      INFO     5e199ac2-3beb-11e8-bc6d-b06ebfcf91d2 was born! fitness: 0.9722
04-09 14:46:22 fitness      INFO     80093c86-3beb-11e8-974b-b06ebfcf91d2 was born! fitness: 0.9731
04-09 14:47:21 fitness      INFO     a0445b98-3beb-11e8-b569-b06ebfcf91d2 was born! fitness: 0.9704
04-09 14:48:23 fitness      INFO     c396c0ee-3beb-11e8-97f8-b06ebfcf91d2 was born! fitness: 0.9697
04-09 14:49:16 fitness      INFO     e866a7dc-3beb-11e8-95e0-b06ebfcf91d2 was born! fitness: 0.9736
04-09 14:50:15 fitness      INFO     07960462-3bec-11e8-abdf-b06ebfcf91d2 was born! fitness: 0.9717
04-09 14:51:14 fitness      INFO     2b28a710-3bec-11e8-9002-b06ebfcf91d2 was born! fitness: 0.9758
04-09 14:52:12 fitness      INFO     4e01a410-3bec-11e8-887d-b06ebfcf91d2 was born! fitness: 0.9711
04-09 14:53:11 fitness      INFO     70b03d5c-3bec-11e8-8446-b06ebfcf91d2 was born! fitness: 0.9724
04-09 14:54:11 fitness      INFO     93dda2a6-3bec-11e8-b532-b06ebfcf91d2 was born! fitness: 0.9754
04-09 14:55:03 fitness      INFO     b7ce0612-3bec-11e8-9c74-b06ebfcf91d2 was born! fitness: 0.9723
04-09 14:55:59 fitness      INFO     d6b3e190-3bec-11e8-a46b-b06ebfcf91d2 was born! fitness: 0.9718
04-09 14:56:44 fitness      INFO     f850519e-3bec-11e8-9d5b-b06ebfcf91d2 was born! fitness: 0.9738
04-09 14:57:23 fitness      INFO     130cd4b0-3bed-11e8-a511-b06ebfcf91d2 was born! fitness: 0.9713
04-09 14:58:14 fitness      INFO     2a5dc594-3bed-11e8-b0fa-b06ebfcf91d2 was born! fitness: 0.972
04-09 14:58:54 fitness      INFO     48a66cc8-3bed-11e8-b75e-b06ebfcf91d2 was born! fitness: 0.9717
04-09 14:59:47 fitness      INFO     605982ba-3bed-11e8-b3b4-b06ebfcf91d2 was born! fitness: 0.9734
04-09 15:00:29 fitness      INFO     8021fe64-3bed-11e8-bcc4-b06ebfcf91d2 was born! fitness: 0.9727
04-09 15:01:07 fitness      INFO     98d7b7ba-3bed-11e8-ba03-b06ebfcf91d2 was born! fitness: 0.9737
04-09 15:01:53 fitness      INFO     af992df6-3bed-11e8-b45e-b06ebfcf91d2 was born! fitness: 0.9735
04-09 15:02:33 fitness      INFO     cae09414-3bed-11e8-b4c0-b06ebfcf91d2 was born! fitness: 0.9712
04-09 15:03:13 fitness      INFO     e2d1e6e2-3bed-11e8-bc8c-b06ebfcf91d2 was born! fitness: 0.9738
04-09 15:03:59 fitness      INFO     fad197a6-3bed-11e8-956a-b06ebfcf91d2 was born! fitness: 0.9728
04-09 15:04:42 fitness      INFO     1674bc08-3bee-11e8-ae85-b06ebfcf91d2 was born! fitness: 0.9721
04-09 15:05:32 fitness      INFO     2fc53218-3bee-11e8-807f-b06ebfcf91d2 was born! fitness: 0.9705
04-09 15:06:34 fitness      INFO     4ddc92f6-3bee-11e8-9581-b06ebfcf91d2 was born! fitness: 0.9728
04-09 15:07:15 fitness      INFO     726e41d0-3bee-11e8-802b-b06ebfcf91d2 was born! fitness: 0.9736
04-09 15:08:02 fitness      INFO     8adff866-3bee-11e8-980a-b06ebfcf91d2 was born! fitness: 0.9724
04-09 15:08:58 fitness      INFO     a6e87b9c-3bee-11e8-8b1b-b06ebfcf91d2 was born! fitness: 0.9729
04-09 15:09:44 fitness      INFO     c82e0494-3bee-11e8-9764-b06ebfcf91d2 was born! fitness: 0.969
04-09 15:10:33 fitness      INFO     e3e356c0-3bee-11e8-bbdc-b06ebfcf91d2 was born! fitness: 0.9727
04-09 15:11:22 fitness      INFO     010a29b6-3bef-11e8-822d-b06ebfcf91d2 was born! fitness: 0.9715
04-09 15:12:11 fitness      INFO     1e1b1ee2-3bef-11e8-9c18-b06ebfcf91d2 was born! fitness: 0.9719
04-09 15:13:08 fitness      INFO     3ba33eca-3bef-11e8-bdf8-b06ebfcf91d2 was born! fitness: 0.9707
04-09 15:14:05 fitness      INFO     5d2b7186-3bef-11e8-b624-b06ebfcf91d2 was born! fitness: 0.9735
04-09 15:14:56 fitness      INFO     7f56fe12-3bef-11e8-ae49-b06ebfcf91d2 was born! fitness: 0.9733
04-09 15:15:53 fitness      INFO     9dbb8f02-3bef-11e8-a271-b06ebfcf91d2 was born! fitness: 0.9698
04-09 15:16:43 fitness      INFO     bf8eb940-3bef-11e8-90dc-b06ebfcf91d2 was born! fitness: 0.9728
04-09 15:17:31 fitness      INFO     ddb97a66-3bef-11e8-ae42-b06ebfcf91d2 was born! fitness: 0.9727
04-09 15:18:16 fitness      INFO     fa6b2e90-3bef-11e8-8e60-b06ebfcf91d2 was born! fitness: 0.9743
04-09 15:19:06 fitness      INFO     15423c12-3bf0-11e8-9cb0-b06ebfcf91d2 was born! fitness: 0.9738
04-09 15:20:01 fitness      INFO     330cdd68-3bf0-11e8-90ee-b06ebfcf91d2 was born! fitness: 0.9737
04-09 15:20:59 fitness      INFO     53724636-3bf0-11e8-8095-b06ebfcf91d2 was born! fitness: 0.9734
04-09 15:21:46 fitness      INFO     76422a22-3bf0-11e8-a208-b06ebfcf91d2 was born! fitness: 0.9706
04-09 15:22:35 fitness      INFO     92588ec0-3bf0-11e8-b639-b06ebfcf91d2 was born! fitness: 0.9727
04-09 15:23:35 fitness      INFO     af9eafdc-3bf0-11e8-a007-b06ebfcf91d2 was born! fitness: 0.9741
04-09 15:24:30 fitness      INFO     d3132264-3bf0-11e8-a1e1-b06ebfcf91d2 was born! fitness: 0.9728
04-09 15:25:32 fitness      INFO     f3a98614-3bf0-11e8-b880-b06ebfcf91d2 was born! fitness: 0.9727
04-09 15:26:33 fitness      INFO     1894b812-3bf1-11e8-b89e-b06ebfcf91d2 was born! fitness: 0.9742
04-09 15:27:23 fitness      INFO     3d3228ec-3bf1-11e8-ad67-b06ebfcf91d2 was born! fitness: 0.9748
04-09 15:28:27 fitness      INFO     5b26b440-3bf1-11e8-9ad8-b06ebfcf91d2 was born! fitness: 0.9729
04-09 15:29:27 fitness      INFO     810fe82c-3bf1-11e8-ad22-b06ebfcf91d2 was born! fitness: 0.9738
04-09 15:30:24 fitness      INFO     a4b59178-3bf1-11e8-abcd-b06ebfcf91d2 was born! fitness: 0.9735
04-09 15:31:18 fitness      INFO     c6b9a7c8-3bf1-11e8-af4d-b06ebfcf91d2 was born! fitness: 0.9727
04-09 15:32:19 fitness      INFO     e6ef6da4-3bf1-11e8-9f91-b06ebfcf91d2 was born! fitness: 0.9731
04-09 15:33:13 fitness      INFO     0b55c4e8-3bf2-11e8-91d5-b06ebfcf91d2 was born! fitness: 0.9744
04-09 15:34:02 fitness      INFO     2bb153ca-3bf2-11e8-bea3-b06ebfcf91d2 was born! fitness: 0.9687
04-09 15:35:09 fitness      INFO     488fc31c-3bf2-11e8-8c0c-b06ebfcf91d2 was born! fitness: 0.9741
04-09 15:35:57 fitness      INFO     7110e8b4-3bf2-11e8-a929-b06ebfcf91d2 was born! fitness: 0.9715
04-09 15:36:49 fitness      INFO     8d29bea4-3bf2-11e8-8f09-b06ebfcf91d2 was born! fitness: 0.9739
04-09 15:37:42 fitness      INFO     ac3c8f18-3bf2-11e8-ad67-b06ebfcf91d2 was born! fitness: 0.9712
04-09 15:38:41 fitness      INFO     cbb1eaa8-3bf2-11e8-88ec-b06ebfcf91d2 was born! fitness: 0.9743
04-09 15:39:41 fitness      INFO     eee1ec0c-3bf2-11e8-9595-b06ebfcf91d2 was born! fitness: 0.975
04-09 15:40:44 fitness      INFO     13101450-3bf3-11e8-98d5-b06ebfcf91d2 was born! fitness: 0.9745
04-09 15:41:40 fitness      INFO     382e6002-3bf3-11e8-a28a-b06ebfcf91d2 was born! fitness: 0.9748
04-09 15:42:37 fitness      INFO     59f1004a-3bf3-11e8-92e7-b06ebfcf91d2 was born! fitness: 0.9716
04-09 15:43:23 fitness      INFO     7bcf02f8-3bf3-11e8-82aa-b06ebfcf91d2 was born! fitness: 0.9727
04-09 15:44:14 fitness      INFO     971decd2-3bf3-11e8-8e1a-b06ebfcf91d2 was born! fitness: 0.9738
04-09 15:45:09 fitness      INFO     b5cec4ca-3bf3-11e8-ac9e-b06ebfcf91d2 was born! fitness: 0.9713
04-09 15:46:04 fitness      INFO     d67305ec-3bf3-11e8-a1f2-b06ebfcf91d2 was born! fitness: 0.9699
04-09 15:46:58 fitness      INFO     f76f17f6-3bf3-11e8-be98-b06ebfcf91d2 was born! fitness: 0.972
04-09 15:47:49 fitness      INFO     17709258-3bf4-11e8-89b0-b06ebfcf91d2 was born! fitness: 0.972
04-09 15:48:46 fitness      INFO     35cab7cc-3bf4-11e8-a412-b06ebfcf91d2 was born! fitness: 0.9744
04-09 15:49:36 fitness      INFO     579b9312-3bf4-11e8-97e3-b06ebfcf91d2 was born! fitness: 0.9747
04-09 15:50:28 fitness      INFO     75b6047e-3bf4-11e8-a57d-b06ebfcf91d2 was born! fitness: 0.9729
04-09 15:51:19 fitness      INFO     94cb5ef6-3bf4-11e8-82d3-b06ebfcf91d2 was born! fitness: 0.971
04-09 15:52:21 fitness      INFO     b31f55f0-3bf4-11e8-98aa-b06ebfcf91d2 was born! fitness: 0.9724
04-09 16:26:20 fitness      INFO     d7f1ee06-3bf4-11e8-a71a-b06ebfcf91d2 was born! fitness: 0.9693
04-09 16:27:18 fitness      INFO     972909b8-3bf9-11e8-b1f0-b06ebfcf91d2 was born! fitness: 0.972
04-09 16:28:12 fitness      INFO     b9f11bd8-3bf9-11e8-9a77-b06ebfcf91d2 was born! fitness: 0.9704
04-09 16:29:20 fitness      INFO     da4a12a2-3bf9-11e8-9efe-b06ebfcf91d2 was born! fitness: 0.9765
04-09 16:30:27 fitness      INFO     023ca93e-3bfa-11e8-99bc-b06ebfcf91d2 was born! fitness: 0.9715
04-09 16:31:22 fitness      INFO     2abaa21c-3bfa-11e8-a1b7-b06ebfcf91d2 was born! fitness: 0.9716
04-09 16:32:22 fitness      INFO     4b60ca76-3bfa-11e8-b053-b06ebfcf91d2 was born! fitness: 0.973
04-09 16:33:22 fitness      INFO     6ec8c1ba-3bfa-11e8-9cb2-b06ebfcf91d2 was born! fitness: 0.9731
04-09 16:34:31 fitness      INFO     92e5f6da-3bfa-11e8-8222-b06ebfcf91d2 was born! fitness: 0.9741
04-09 16:35:43 fitness      INFO     bbab54b6-3bfa-11e8-86fd-b06ebfcf91d2 was born! fitness: 0.9739
04-09 16:36:38 fitness      INFO     e71a9334-3bfa-11e8-ae25-b06ebfcf91d2 was born! fitness: 0.9734
04-09 16:37:46 fitness      INFO     0775c6c8-3bfb-11e8-8c6d-b06ebfcf91d2 was born! fitness: 0.9746
04-09 16:38:47 fitness      INFO     300beed2-3bfb-11e8-886a-b06ebfcf91d2 was born! fitness: 0.9689
04-09 16:39:58 fitness      INFO     5456cada-3bfb-11e8-93be-b06ebfcf91d2 was born! fitness: 0.9743
04-09 16:41:02 fitness      INFO     7ebaf140-3bfb-11e8-a2e1-b06ebfcf91d2 was born! fitness: 0.9753
04-09 16:42:09 fitness      INFO     a4b789c0-3bfb-11e8-b80c-b06ebfcf91d2 was born! fitness: 0.9745
04-09 16:43:34 fitness      INFO     cccb710c-3bfb-11e8-869d-b06ebfcf91d2 was born! fitness: 0.9738
04-09 16:44:43 fitness      INFO     ffc1f80c-3bfb-11e8-b2bb-b06ebfcf91d2 was born! fitness: 0.971
04-09 16:45:49 fitness      INFO     289f323a-3bfc-11e8-b349-b06ebfcf91d2 was born! fitness: 0.9704
04-09 16:46:42 fitness      INFO     502207de-3bfc-11e8-9d94-b06ebfcf91d2 was born! fitness: 0.9714
04-09 16:47:45 fitness      INFO     6fe15788-3bfc-11e8-a2dc-b06ebfcf91d2 was born! fitness: 0.9685
04-09 16:48:53 fitness      INFO     95011b70-3bfc-11e8-859e-b06ebfcf91d2 was born! fitness: 0.9734
04-09 16:49:55 fitness      INFO     bd7119c2-3bfc-11e8-bf00-b06ebfcf91d2 was born! fitness: 0.9724
04-09 16:51:02 fitness      INFO     e282ae4a-3bfc-11e8-8aad-b06ebfcf91d2 was born! fitness: 0.9727
04-09 16:52:20 fitness      INFO     0adc5834-3bfd-11e8-9795-b06ebfcf91d2 was born! fitness: 0.9754
04-09 16:53:28 fitness      INFO     38d4053a-3bfd-11e8-8219-b06ebfcf91d2 was born! fitness: 0.9748
04-09 16:54:35 fitness      INFO     615f7c74-3bfd-11e8-af00-b06ebfcf91d2 was born! fitness: 0.9731
04-09 16:55:31 fitness      INFO     89757cc6-3bfd-11e8-bb2b-b06ebfcf91d2 was born! fitness: 0.9726
04-09 16:56:34 fitness      INFO     ab069cca-3bfd-11e8-a80a-b06ebfcf91d2 was born! fitness: 0.969
04-09 16:57:35 fitness      INFO     d05d7a48-3bfd-11e8-b0d3-b06ebfcf91d2 was born! fitness: 0.9725
04-09 16:58:35 fitness      INFO     f4d60680-3bfd-11e8-a99d-b06ebfcf91d2 was born! fitness: 0.972
04-09 16:59:45 fitness      INFO     185ba8e8-3bfe-11e8-8115-b06ebfcf91d2 was born! fitness: 0.9743
04-09 17:00:41 fitness      INFO     4238bb02-3bfe-11e8-a318-b06ebfcf91d2 was born! fitness: 0.9738
04-09 17:01:39 fitness      INFO     637c3a6c-3bfe-11e8-8582-b06ebfcf91d2 was born! fitness: 0.9703
04-09 17:02:41 fitness      INFO     8669c07e-3bfe-11e8-9b61-b06ebfcf91d2 was born! fitness: 0.9753
04-09 17:03:41 fitness      INFO     ab6e9f7a-3bfe-11e8-8e6e-b06ebfcf91d2 was born! fitness: 0.9722
04-09 17:04:50 fitness      INFO     ceb2e446-3bfe-11e8-b4cb-b06ebfcf91d2 was born! fitness: 0.9766
04-09 17:05:53 fitness      INFO     f854a94c-3bfe-11e8-ba7a-b06ebfcf91d2 was born! fitness: 0.9737
04-09 17:06:54 fitness      INFO     1da01a8a-3bff-11e8-8a26-b06ebfcf91d2 was born! fitness: 0.9734
04-09 17:07:57 fitness      INFO     421a8076-3bff-11e8-93f5-b06ebfcf91d2 was born! fitness: 0.9727
04-09 17:08:51 fitness      INFO     6779f200-3bff-11e8-abf4-b06ebfcf91d2 was born! fitness: 0.9686
04-09 17:09:52 fitness      INFO     87ff4198-3bff-11e8-adf5-b06ebfcf91d2 was born! fitness: 0.9705
04-09 17:10:50 fitness      INFO     ac2da738-3bff-11e8-9c85-b06ebfcf91d2 was born! fitness: 0.9742
04-09 17:11:53 fitness      INFO     cef6eed4-3bff-11e8-8381-b06ebfcf91d2 was born! fitness: 0.9737
04-09 17:12:52 fitness      INFO     f4159bec-3bff-11e8-9b04-b06ebfcf91d2 was born! fitness: 0.9746
04-09 17:13:58 fitness      INFO     174c504c-3c00-11e8-a1c0-b06ebfcf91d2 was born! fitness: 0.9723
04-09 17:15:07 fitness      INFO     3eca3708-3c00-11e8-a2be-b06ebfcf91d2 was born! fitness: 0.9751
04-09 17:16:09 fitness      INFO     67eb623a-3c00-11e8-a34d-b06ebfcf91d2 was born! fitness: 0.9735
04-09 17:17:14 fitness      INFO     8ccf75de-3c00-11e8-89b0-b06ebfcf91d2 was born! fitness: 0.9726
04-09 17:18:10 fitness      INFO     b3aa980c-3c00-11e8-a6ab-b06ebfcf91d2 was born! fitness: 0.9717
04-09 17:19:10 fitness      INFO     d5018134-3c00-11e8-b4ec-b06ebfcf91d2 was born! fitness: 0.9718
04-09 17:20:13 fitness      INFO     f8f5e740-3c00-11e8-a4c6-b06ebfcf91d2 was born! fitness: 0.9704
04-09 17:21:10 fitness      INFO     1e5e4976-3c01-11e8-b65b-b06ebfcf91d2 was born! fitness: 0.9729
04-09 17:22:13 fitness      INFO     3fefa328-3c01-11e8-a91b-b06ebfcf91d2 was born! fitness: 0.9736
04-09 17:23:08 fitness      INFO     65c9b4b4-3c01-11e8-8e47-b06ebfcf91d2 was born! fitness: 0.9706
04-09 17:24:09 fitness      INFO     86c39f40-3c01-11e8-b221-b06ebfcf91d2 was born! fitness: 0.9713
04-09 17:25:11 fitness      INFO     aae46a70-3c01-11e8-979c-b06ebfcf91d2 was born! fitness: 0.9694
04-09 17:26:05 fitness      INFO     d01b3b08-3c01-11e8-a2a2-b06ebfcf91d2 was born! fitness: 0.9714
04-09 17:27:03 fitness      INFO     f0512e34-3c01-11e8-b9c7-b06ebfcf91d2 was born! fitness: 0.9727
04-09 17:28:06 fitness      INFO     12afc94a-3c02-11e8-9ee2-b06ebfcf91d2 was born! fitness: 0.9703
04-09 17:29:09 fitness      INFO     3871554c-3c02-11e8-abe5-b06ebfcf91d2 was born! fitness: 0.9727
04-09 17:30:15 fitness      INFO     5dcaa2c6-3c02-11e8-9981-b06ebfcf91d2 was born! fitness: 0.971
04-09 17:31:16 fitness      INFO     8545e658-3c02-11e8-959a-b06ebfcf91d2 was born! fitness: 0.9716
04-09 17:32:16 fitness      INFO     a9627ec0-3c02-11e8-be7e-b06ebfcf91d2 was born! fitness: 0.9712
04-09 17:33:20 fitness      INFO     cd2e62f4-3c02-11e8-9433-b06ebfcf91d2 was born! fitness: 0.9763
04-09 17:34:21 fitness      INFO     f39bbf2e-3c02-11e8-9409-b06ebfcf91d2 was born! fitness: 0.9681
04-09 17:35:17 fitness      INFO     17e6a4dc-3c03-11e8-9fb3-b06ebfcf91d2 was born! fitness: 0.9733
04-09 17:36:23 fitness      INFO     395a1894-3c03-11e8-9585-b06ebfcf91d2 was born! fitness: 0.9729
04-09 17:37:31 fitness      INFO     6083c2c6-3c03-11e8-9a94-b06ebfcf91d2 was born! fitness: 0.9724
04-09 17:38:40 fitness      INFO     88aa138a-3c03-11e8-a669-b06ebfcf91d2 was born! fitness: 0.9717
04-09 17:39:41 fitness      INFO     b1d43b0c-3c03-11e8-acc1-b06ebfcf91d2 was born! fitness: 0.9731
04-09 17:40:46 fitness      INFO     d69a4142-3c03-11e8-afa1-b06ebfcf91d2 was born! fitness: 0.9734
04-09 17:41:46 fitness      INFO     fd1679c0-3c03-11e8-adaa-b06ebfcf91d2 was born! fitness: 0.9724
04-09 17:42:50 fitness      INFO     211d9730-3c04-11e8-b40b-b06ebfcf91d2 was born! fitness: 0.9728
04-09 17:43:53 fitness      INFO     46f70234-3c04-11e8-b128-b06ebfcf91d2 was born! fitness: 0.9711
04-09 17:44:56 fitness      INFO     6c89732e-3c04-11e8-abf3-b06ebfcf91d2 was born! fitness: 0.9722
04-09 17:46:00 fitness      INFO     91f7ad18-3c04-11e8-8e90-b06ebfcf91d2 was born! fitness: 0.9736
04-09 17:47:03 fitness      INFO     b887a008-3c04-11e8-b101-b06ebfcf91d2 was born! fitness: 0.9722
04-09 17:48:09 fitness      INFO     ddd493de-3c04-11e8-bfcd-b06ebfcf91d2 was born! fitness: 0.9733
04-09 17:49:07 fitness      INFO     05151aa4-3c05-11e8-bdb6-b06ebfcf91d2 was born! fitness: 0.9717
04-09 17:50:20 fitness      INFO     27e16d3e-3c05-11e8-8996-b06ebfcf91d2 was born! fitness: 0.9747
04-09 17:51:33 fitness      INFO     53700fec-3c05-11e8-ab7a-b06ebfcf91d2 was born! fitness: 0.9735
04-09 17:52:42 fitness      INFO     7ee68d70-3c05-11e8-811e-b06ebfcf91d2 was born! fitness: 0.9724
04-09 17:54:00 fitness      INFO     a833b40c-3c05-11e8-a05f-b06ebfcf91d2 was born! fitness: 0.9734
04-09 17:55:20 fitness      INFO     d6a47406-3c05-11e8-bae0-b06ebfcf91d2 was born! fitness: 0.9719
04-09 17:56:20 fitness      INFO     0613e7d4-3c06-11e8-a839-b06ebfcf91d2 was born! fitness: 0.9716
04-09 17:57:35 fitness      INFO     29c1ec26-3c06-11e8-849e-b06ebfcf91d2 was born! fitness: 0.9738
04-09 17:58:48 fitness      INFO     56cd46be-3c06-11e8-9e02-b06ebfcf91d2 was born! fitness: 0.9732
04-09 18:00:03 fitness      INFO     824e4ed2-3c06-11e8-bc7a-b06ebfcf91d2 was born! fitness: 0.9743
04-09 18:01:23 fitness      INFO     ae82bcc2-3c06-11e8-be33-b06ebfcf91d2 was born! fitness: 0.9745
04-09 18:02:41 fitness      INFO     de45720a-3c06-11e8-9a99-b06ebfcf91d2 was born! fitness: 0.9729
04-09 18:03:59 fitness      INFO     0cc4103e-3c07-11e8-b3c2-b06ebfcf91d2 was born! fitness: 0.9729
04-09 18:05:17 fitness      INFO     3b78cf1a-3c07-11e8-a465-b06ebfcf91d2 was born! fitness: 0.9703
